{
  "stats": {
    "suites": 1,
    "tests": 4,
    "passes": 4,
    "pending": 0,
    "failures": 0,
    "start": "2025-04-23T14:08:09.578Z",
    "end": "2025-04-23T14:09:16.570Z",
    "duration": 66992,
    "testsRegistered": 4,
    "passPercent": 100,
    "pendingPercent": 0,
    "other": 0,
    "hasOther": false,
    "skipped": 0,
    "hasSkipped": false
  },
  "results": [
    {
      "uuid": "11fd40c1-4286-437b-ae36-723b579c7695",
      "title": "",
      "fullFile": "cypress/e2e/LoginPage/LoginPage17.cy.js",
      "file": "cypress/e2e/LoginPage/LoginPage17.cy.js",
      "beforeHooks": [],
      "afterHooks": [],
      "tests": [],
      "suites": [
        {
          "uuid": "74c6ae1e-2977-42d6-9b1b-69345c9e84da",
          "title": "Login Page 17",
          "fullFile": "",
          "file": "",
          "beforeHooks": [],
          "afterHooks": [],
          "tests": [
            {
              "title": "LoginTC_001, Verify successful login with valid credentials",
              "fullTitle": "Login Page 17 LoginTC_001, Verify successful login with valid credentials",
              "timedOut": null,
              "duration": 42630,
              "state": "passed",
              "speed": "slow",
              "pass": true,
              "fail": false,
              "pending": false,
              "context": "{\n  \"title\": \"cypress-mochawesome-reporter-videos-passed\",\n  \"value\": \"cypress/e2e/LoginPage/LoginPage17.cy.js\"\n}",
              "code": "cy.get('input[name=\"username\"]').type(\"1017\");\ncy.get('input[name=\"password\"]').type(\"1017us\");\ncy.contains('button', 'Submit').click(); // Click the submit button\ncy.wait('@loginRequest') // Wait for the request to complete\n.its('response.statusCode').should('eq', 200); // Assert response status\ncy.wait(2000);\ncy.contains(/courses/i).should('exist');",
              "err": {},
              "uuid": "6d3bc88a-d497-4a78-affd-3f83b72184fe",
              "parentUUID": "74c6ae1e-2977-42d6-9b1b-69345c9e84da",
              "isHook": false,
              "skipped": false
            },
            {
              "title": "LoginTC_002, Verify error message for incorrect password",
              "fullTitle": "Login Page 17 LoginTC_002, Verify error message for incorrect password",
              "timedOut": null,
              "duration": 10319,
              "state": "passed",
              "speed": "slow",
              "pass": true,
              "fail": false,
              "pending": false,
              "context": "{\n  \"title\": \"cypress-mochawesome-reporter-videos-passed\",\n  \"value\": \"cypress/e2e/LoginPage/LoginPage17.cy.js\"\n}",
              "code": "cy.get('input[name=\"username\"]').type(\"1017\");\ncy.get('input[name=\"password\"]').type(\"1017ahh\");\ncy.contains('button', 'Submit').click(); // Click the submit button\ncy.wait('@loginRequest') // Wait for the request to complete\n.its('response.statusCode').should('eq', 401); // Assert response status\ncy.contains(/incorrect username or password/i);",
              "err": {},
              "uuid": "5b7cd676-8ebe-41e8-8575-cec8e98a374b",
              "parentUUID": "74c6ae1e-2977-42d6-9b1b-69345c9e84da",
              "isHook": false,
              "skipped": false
            },
            {
              "title": "LoginTC_003, Verify error message for incorrect password",
              "fullTitle": "Login Page 17 LoginTC_003, Verify error message for incorrect password",
              "timedOut": null,
              "duration": 7003,
              "state": "passed",
              "speed": "medium",
              "pass": true,
              "fail": false,
              "pending": false,
              "context": "{\n  \"title\": \"cypress-mochawesome-reporter-videos-passed\",\n  \"value\": \"cypress/e2e/LoginPage/LoginPage17.cy.js\"\n}",
              "code": "cy.get('input[name=\"username\"]').type(\"no user\");\ncy.get('input[name=\"password\"]').type(\"no pass\");\ncy.contains('button', 'Submit').click(); // Click the submit button\ncy.wait('@loginRequest') // Wait for the request to complete\n.its('response.statusCode').should('eq', 401); // Assert response status\ncy.contains(/incorrect username or password/i);",
              "err": {},
              "uuid": "ba59d299-1262-45e8-b8cc-9a227408b067",
              "parentUUID": "74c6ae1e-2977-42d6-9b1b-69345c9e84da",
              "isHook": false,
              "skipped": false
            },
            {
              "title": "LoginTC_004, Verify login with empty username/password fields",
              "fullTitle": "Login Page 17 LoginTC_004, Verify login with empty username/password fields",
              "timedOut": null,
              "duration": 3235,
              "state": "passed",
              "speed": "fast",
              "pass": true,
              "fail": false,
              "pending": false,
              "context": "{\n  \"title\": \"cypress-mochawesome-reporter-videos-passed\",\n  \"value\": \"cypress/e2e/LoginPage/LoginPage17.cy.js\"\n}",
              "code": "cy.get('button').should('be.disabled');",
              "err": {},
              "uuid": "db2dd80e-b748-4ea4-8028-164a515bb26c",
              "parentUUID": "74c6ae1e-2977-42d6-9b1b-69345c9e84da",
              "isHook": false,
              "skipped": false
            }
          ],
          "suites": [],
          "passes": [
            "6d3bc88a-d497-4a78-affd-3f83b72184fe",
            "5b7cd676-8ebe-41e8-8575-cec8e98a374b",
            "ba59d299-1262-45e8-b8cc-9a227408b067",
            "db2dd80e-b748-4ea4-8028-164a515bb26c"
          ],
          "failures": [],
          "pending": [],
          "skipped": [],
          "duration": 63187,
          "root": false,
          "rootEmpty": false,
          "_timeout": 2000
        }
      ],
      "passes": [],
      "failures": [],
      "pending": [],
      "skipped": [],
      "duration": 0,
      "root": true,
      "rootEmpty": true,
      "_timeout": 2000
    }
  ],
  "meta": {
    "mocha": {
      "version": "7.2.0"
    },
    "mochawesome": {
      "options": {
        "quiet": false,
        "reportFilename": "mochawesome",
        "saveHtml": false,
        "saveJson": true,
        "consoleReporter": "spec",
        "useInlineDiffs": false,
        "code": true
      },
      "version": "7.1.3"
    },
    "marge": {
      "options": {
        "id": "default",
        "cypressParallel": "true",
        "overwrite": false,
        "html": false,
        "json": true,
        "reportDir": "cypress/reports/html/.jsons"
      },
      "version": "6.2.0"
    }
  }
}