{
  "stats": {
    "suites": 1,
    "tests": 4,
    "passes": 4,
    "pending": 0,
    "failures": 0,
    "start": "2025-04-23T14:08:19.230Z",
    "end": "2025-04-23T14:09:20.171Z",
    "duration": 60941,
    "testsRegistered": 4,
    "passPercent": 100,
    "pendingPercent": 0,
    "other": 0,
    "hasOther": false,
    "skipped": 0,
    "hasSkipped": false
  },
  "results": [
    {
      "uuid": "eee922d2-f7d2-43e6-ab56-59419b395bce",
      "title": "",
      "fullFile": "cypress/e2e/LoginPage/LoginPage18.cy.js",
      "file": "cypress/e2e/LoginPage/LoginPage18.cy.js",
      "beforeHooks": [],
      "afterHooks": [],
      "tests": [],
      "suites": [
        {
          "uuid": "cef90699-9671-46d4-8101-4d9e6b16e28d",
          "title": "Login Page 18",
          "fullFile": "",
          "file": "",
          "beforeHooks": [],
          "afterHooks": [],
          "tests": [
            {
              "title": "LoginTC_001, Verify successful login with valid credentials",
              "fullTitle": "Login Page 18 LoginTC_001, Verify successful login with valid credentials",
              "timedOut": null,
              "duration": 44425,
              "state": "passed",
              "speed": "slow",
              "pass": true,
              "fail": false,
              "pending": false,
              "context": "{\n  \"title\": \"cypress-mochawesome-reporter-videos-passed\",\n  \"value\": \"cypress/e2e/LoginPage/LoginPage18.cy.js\"\n}",
              "code": "cy.get('input[name=\"username\"]').type(\"1018\");\ncy.get('input[name=\"password\"]').type(\"1018us\");\ncy.contains('button', 'Submit').click(); // Click the submit button\ncy.wait('@loginRequest') // Wait for the request to complete\n.its('response.statusCode').should('eq', 200); // Assert response status\ncy.wait(2000);\ncy.contains(/courses/i).should('exist');",
              "err": {},
              "uuid": "73d1afc7-115e-49c5-9553-682b73dc630d",
              "parentUUID": "cef90699-9671-46d4-8101-4d9e6b16e28d",
              "isHook": false,
              "skipped": false
            },
            {
              "title": "LoginTC_002, Verify error message for incorrect password",
              "fullTitle": "Login Page 18 LoginTC_002, Verify error message for incorrect password",
              "timedOut": null,
              "duration": 6776,
              "state": "passed",
              "speed": "medium",
              "pass": true,
              "fail": false,
              "pending": false,
              "context": "{\n  \"title\": \"cypress-mochawesome-reporter-videos-passed\",\n  \"value\": \"cypress/e2e/LoginPage/LoginPage18.cy.js\"\n}",
              "code": "cy.get('input[name=\"username\"]').type(\"1018\");\ncy.get('input[name=\"password\"]').type(\"1018ahh\");\ncy.contains('button', 'Submit').click(); // Click the submit button\ncy.wait('@loginRequest') // Wait for the request to complete\n.its('response.statusCode').should('eq', 401); // Assert response status\ncy.contains(/incorrect username or password/i);",
              "err": {},
              "uuid": "3f80b244-2ee3-42f5-a01a-165b25722e56",
              "parentUUID": "cef90699-9671-46d4-8101-4d9e6b16e28d",
              "isHook": false,
              "skipped": false
            },
            {
              "title": "LoginTC_003, Verify error message for incorrect password",
              "fullTitle": "Login Page 18 LoginTC_003, Verify error message for incorrect password",
              "timedOut": null,
              "duration": 4988,
              "state": "passed",
              "speed": "fast",
              "pass": true,
              "fail": false,
              "pending": false,
              "context": "{\n  \"title\": \"cypress-mochawesome-reporter-videos-passed\",\n  \"value\": \"cypress/e2e/LoginPage/LoginPage18.cy.js\"\n}",
              "code": "cy.get('input[name=\"username\"]').type(\"no user\");\ncy.get('input[name=\"password\"]').type(\"no pass\");\ncy.contains('button', 'Submit').click(); // Click the submit button\ncy.wait('@loginRequest') // Wait for the request to complete\n.its('response.statusCode').should('eq', 401); // Assert response status\ncy.contains(/incorrect username or password/i);",
              "err": {},
              "uuid": "21bbb5ac-bccb-481f-87ea-5f4c5ad50d3a",
              "parentUUID": "cef90699-9671-46d4-8101-4d9e6b16e28d",
              "isHook": false,
              "skipped": false
            },
            {
              "title": "LoginTC_004, Verify login with empty username/password fields",
              "fullTitle": "Login Page 18 LoginTC_004, Verify login with empty username/password fields",
              "timedOut": null,
              "duration": 2576,
              "state": "passed",
              "speed": "fast",
              "pass": true,
              "fail": false,
              "pending": false,
              "context": "{\n  \"title\": \"cypress-mochawesome-reporter-videos-passed\",\n  \"value\": \"cypress/e2e/LoginPage/LoginPage18.cy.js\"\n}",
              "code": "cy.get('button').should('be.disabled');",
              "err": {},
              "uuid": "261f7c64-a867-4a3b-b40e-31166bfc5ee8",
              "parentUUID": "cef90699-9671-46d4-8101-4d9e6b16e28d",
              "isHook": false,
              "skipped": false
            }
          ],
          "suites": [],
          "passes": [
            "73d1afc7-115e-49c5-9553-682b73dc630d",
            "3f80b244-2ee3-42f5-a01a-165b25722e56",
            "21bbb5ac-bccb-481f-87ea-5f4c5ad50d3a",
            "261f7c64-a867-4a3b-b40e-31166bfc5ee8"
          ],
          "failures": [],
          "pending": [],
          "skipped": [],
          "duration": 58765,
          "root": false,
          "rootEmpty": false,
          "_timeout": 2000
        }
      ],
      "passes": [],
      "failures": [],
      "pending": [],
      "skipped": [],
      "duration": 0,
      "root": true,
      "rootEmpty": true,
      "_timeout": 2000
    }
  ],
  "meta": {
    "mocha": {
      "version": "7.2.0"
    },
    "mochawesome": {
      "options": {
        "quiet": false,
        "reportFilename": "mochawesome",
        "saveHtml": false,
        "saveJson": true,
        "consoleReporter": "spec",
        "useInlineDiffs": false,
        "code": true
      },
      "version": "7.1.3"
    },
    "marge": {
      "options": {
        "id": "default",
        "cypressParallel": "true",
        "overwrite": false,
        "html": false,
        "json": true,
        "reportDir": "cypress/reports/html/.jsons"
      },
      "version": "6.2.0"
    }
  }
}