{
  "stats": {
    "suites": 1,
    "tests": 4,
    "passes": 3,
    "pending": 0,
    "failures": 1,
    "start": "2025-04-23T14:07:25.313Z",
    "end": "2025-04-23T14:09:00.779Z",
    "duration": 95466,
    "testsRegistered": 4,
    "passPercent": 75,
    "pendingPercent": 0,
    "other": 0,
    "hasOther": false,
    "skipped": 0,
    "hasSkipped": false
  },
  "results": [
    {
      "uuid": "9ea2f284-c0b1-4d89-bb06-22632582346a",
      "title": "",
      "fullFile": "cypress/e2e/LoginPage/LoginPage11.cy.js",
      "file": "cypress/e2e/LoginPage/LoginPage11.cy.js",
      "beforeHooks": [],
      "afterHooks": [],
      "tests": [],
      "suites": [
        {
          "uuid": "5af41ff8-83ff-4f3d-a7ca-5a53511f8d2f",
          "title": "Login Page 11",
          "fullFile": "",
          "file": "",
          "beforeHooks": [],
          "afterHooks": [],
          "tests": [
            {
              "title": "LoginTC_001, Verify successful login with valid credentials",
              "fullTitle": "Login Page 11 LoginTC_001, Verify successful login with valid credentials",
              "timedOut": null,
              "duration": 47744,
              "state": "failed",
              "speed": null,
              "pass": false,
              "fail": true,
              "pending": false,
              "context": "[\n  {\n    \"title\": \"cypress-mochawesome-reporter-videos-failed\",\n    \"value\": \"cypress/e2e/LoginPage/LoginPage11.cy.js\"\n  },\n  {\n    \"title\": \"cypress-mochawesome-reporter-screenshots\",\n    \"value\": [\n      [\n        \"/LoginPage11.cy.js/Login Page 11 -- LoginTC_001, Verify successful login with valid credentials (failed).png\"\n      ]\n    ]\n  }\n]",
              "code": "cy.get('input[name=\"username\"]').type(\"1011\");\ncy.get('input[name=\"password\"]').type(\"1011us\");\ncy.contains('button', 'Submit').click(); // Click the submit button\ncy.wait('@loginRequest') // Wait for the request to complete\n.its('response.statusCode').should('eq', 200); // Assert response status\ncy.wait(2000);\ncy.contains(/courses/i).should('exist');",
              "err": {
                "message": "AssertionError: Timed out retrying after 4000ms: Expected to find content: '/courses/i' but never did.",
                "estack": "AssertionError: Timed out retrying after 4000ms: Expected to find content: '/courses/i' but never did.\n    at Context.eval (webpack://cypress-project/./cypress/e2e/LoginPage/LoginPage11.cy.js:21:28)",
                "diff": null
              },
              "uuid": "d8cdc94b-cfc8-429d-bbe7-4630f787f99c",
              "parentUUID": "5af41ff8-83ff-4f3d-a7ca-5a53511f8d2f",
              "isHook": false,
              "skipped": false
            },
            {
              "title": "LoginTC_002, Verify error message for incorrect password",
              "fullTitle": "Login Page 11 LoginTC_002, Verify error message for incorrect password",
              "timedOut": null,
              "duration": 17938,
              "state": "passed",
              "speed": "slow",
              "pass": true,
              "fail": false,
              "pending": false,
              "context": "{\n  \"title\": \"cypress-mochawesome-reporter-videos-passed\",\n  \"value\": \"cypress/e2e/LoginPage/LoginPage11.cy.js\"\n}",
              "code": "cy.get('input[name=\"username\"]').type(\"1011\");\ncy.get('input[name=\"password\"]').type(\"1011ahh\");\ncy.contains('button', 'Submit').click(); // Click the submit button\ncy.wait('@loginRequest') // Wait for the request to complete\n.its('response.statusCode').should('eq', 401); // Assert response status\ncy.contains(/incorrect username or password/i);",
              "err": {},
              "uuid": "231cfa54-bb95-430a-bf9d-372bc78cd603",
              "parentUUID": "5af41ff8-83ff-4f3d-a7ca-5a53511f8d2f",
              "isHook": false,
              "skipped": false
            },
            {
              "title": "LoginTC_003, Verify error message for incorrect password",
              "fullTitle": "Login Page 11 LoginTC_003, Verify error message for incorrect password",
              "timedOut": null,
              "duration": 16527,
              "state": "passed",
              "speed": "slow",
              "pass": true,
              "fail": false,
              "pending": false,
              "context": "{\n  \"title\": \"cypress-mochawesome-reporter-videos-passed\",\n  \"value\": \"cypress/e2e/LoginPage/LoginPage11.cy.js\"\n}",
              "code": "cy.get('input[name=\"username\"]').type(\"no user\");\ncy.get('input[name=\"password\"]').type(\"no pass\");\ncy.contains('button', 'Submit').click(); // Click the submit button\ncy.wait('@loginRequest') // Wait for the request to complete\n.its('response.statusCode').should('eq', 401); // Assert response status\ncy.contains(/incorrect username or password/i);",
              "err": {},
              "uuid": "7ea890b6-a7a8-4e1a-a8c5-8baf83c583e5",
              "parentUUID": "5af41ff8-83ff-4f3d-a7ca-5a53511f8d2f",
              "isHook": false,
              "skipped": false
            },
            {
              "title": "LoginTC_004, Verify login with empty username/password fields",
              "fullTitle": "Login Page 11 LoginTC_004, Verify login with empty username/password fields",
              "timedOut": null,
              "duration": 5969,
              "state": "passed",
              "speed": "medium",
              "pass": true,
              "fail": false,
              "pending": false,
              "context": "{\n  \"title\": \"cypress-mochawesome-reporter-videos-passed\",\n  \"value\": \"cypress/e2e/LoginPage/LoginPage11.cy.js\"\n}",
              "code": "cy.get('button').should('be.disabled');",
              "err": {},
              "uuid": "0e6ba0af-7873-4032-ad48-76b045f5df40",
              "parentUUID": "5af41ff8-83ff-4f3d-a7ca-5a53511f8d2f",
              "isHook": false,
              "skipped": false
            }
          ],
          "suites": [],
          "passes": [
            "231cfa54-bb95-430a-bf9d-372bc78cd603",
            "7ea890b6-a7a8-4e1a-a8c5-8baf83c583e5",
            "0e6ba0af-7873-4032-ad48-76b045f5df40"
          ],
          "failures": [
            "d8cdc94b-cfc8-429d-bbe7-4630f787f99c"
          ],
          "pending": [],
          "skipped": [],
          "duration": 88178,
          "root": false,
          "rootEmpty": false,
          "_timeout": 2000
        }
      ],
      "passes": [],
      "failures": [],
      "pending": [],
      "skipped": [],
      "duration": 0,
      "root": true,
      "rootEmpty": true,
      "_timeout": 2000
    }
  ],
  "meta": {
    "mocha": {
      "version": "7.2.0"
    },
    "mochawesome": {
      "options": {
        "quiet": false,
        "reportFilename": "mochawesome",
        "saveHtml": false,
        "saveJson": true,
        "consoleReporter": "spec",
        "useInlineDiffs": false,
        "code": true
      },
      "version": "7.1.3"
    },
    "marge": {
      "options": {
        "id": "default",
        "cypressParallel": "true",
        "overwrite": false,
        "html": false,
        "json": true,
        "reportDir": "cypress/reports/html/.jsons"
      },
      "version": "6.2.0"
    }
  }
}