{
  "stats": {
    "suites": 1,
    "tests": 8,
    "passes": 4,
    "pending": 0,
    "failures": 4,
    "start": "2025-04-22T14:44:16.607Z",
    "end": "2025-04-22T14:46:30.815Z",
    "duration": 134208,
    "testsRegistered": 8,
    "passPercent": 50,
    "pendingPercent": 0,
    "other": 0,
    "hasOther": false,
    "skipped": 0,
    "hasSkipped": false
  },
  "results": [
    {
      "uuid": "ce70362f-7962-42dd-97d7-f209de825ff0",
      "title": "",
      "fullFile": "cypress/e2e/LoginPage15.cy.js",
      "file": "cypress/e2e/LoginPage15.cy.js",
      "beforeHooks": [],
      "afterHooks": [],
      "tests": [],
      "suites": [
        {
          "uuid": "5e6ade06-54ff-4616-a0bf-69afdefc3dd1",
          "title": "Login Page 15",
          "fullFile": "",
          "file": "",
          "beforeHooks": [],
          "afterHooks": [],
          "tests": [
            {
              "title": "LoginTC_001, Verify successful login with valid credentials",
              "fullTitle": "Login Page 15 LoginTC_001, Verify successful login with valid credentials",
              "timedOut": null,
              "duration": 35481,
              "state": "passed",
              "speed": "slow",
              "pass": true,
              "fail": false,
              "pending": false,
              "context": null,
              "code": "cy.get('input[name=\"username\"]').type(\"1015\");\ncy.get('input[name=\"password\"]').type(\"1015us\");\ncy.contains('button', 'Submit').click(); // Click the submit button\ncy.wait('@loginRequest') // Wait for the request to complete\n.its('response.statusCode').should('eq', 200); // Assert response status\ncy.contains(/courses/i).should('exist');",
              "err": {},
              "uuid": "345d779b-dea1-41c2-825d-0e33399d5e88",
              "parentUUID": "5e6ade06-54ff-4616-a0bf-69afdefc3dd1",
              "isHook": false,
              "skipped": false
            },
            {
              "title": "LoginTC_002, Verify error message for incorrect password",
              "fullTitle": "Login Page 15 LoginTC_002, Verify error message for incorrect password",
              "timedOut": null,
              "duration": 11184,
              "state": "passed",
              "speed": "slow",
              "pass": true,
              "fail": false,
              "pending": false,
              "context": null,
              "code": "cy.get('input[name=\"username\"]').type(\"1015\");\ncy.get('input[name=\"password\"]').type(\"1015ahh\");\ncy.contains('button', 'Submit').click(); // Click the submit button\ncy.wait('@loginRequest') // Wait for the request to complete\n.its('response.statusCode').should('eq', 401); // Assert response status\ncy.contains(/incorrect username or password/i);",
              "err": {},
              "uuid": "67600c25-cb62-4652-b78c-46ae5c54c2a3",
              "parentUUID": "5e6ade06-54ff-4616-a0bf-69afdefc3dd1",
              "isHook": false,
              "skipped": false
            },
            {
              "title": "LoginTC_003, Verify error message for incorrect password",
              "fullTitle": "Login Page 15 LoginTC_003, Verify error message for incorrect password",
              "timedOut": null,
              "duration": 8311,
              "state": "passed",
              "speed": "medium",
              "pass": true,
              "fail": false,
              "pending": false,
              "context": null,
              "code": "cy.get('input[name=\"username\"]').type(\"no user\");\ncy.get('input[name=\"password\"]').type(\"no pass\");\ncy.contains('button', 'Submit').click(); // Click the submit button\ncy.wait('@loginRequest') // Wait for the request to complete\n.its('response.statusCode').should('eq', 401); // Assert response status\ncy.contains(/incorrect username or password/i);",
              "err": {},
              "uuid": "b71fb2b2-31b3-4c36-9469-6bd5abbe7fb4",
              "parentUUID": "5e6ade06-54ff-4616-a0bf-69afdefc3dd1",
              "isHook": false,
              "skipped": false
            },
            {
              "title": "LoginTC_004, Verify login with empty username/password fields",
              "fullTitle": "Login Page 15 LoginTC_004, Verify login with empty username/password fields",
              "timedOut": null,
              "duration": 6185,
              "state": "passed",
              "speed": "medium",
              "pass": true,
              "fail": false,
              "pending": false,
              "context": null,
              "code": "cy.get('button').should('be.disabled');",
              "err": {},
              "uuid": "77775c04-9e21-4c38-9f1b-2678f88474a7",
              "parentUUID": "5e6ade06-54ff-4616-a0bf-69afdefc3dd1",
              "isHook": false,
              "skipped": false
            },
            {
              "title": "CoursesTC_004, Verify Resource button for each course, chapter and for each document is working",
              "fullTitle": "Login Page 15 CoursesTC_004, Verify Resource button for each course, chapter and for each document is working",
              "timedOut": null,
              "duration": 17480,
              "state": "failed",
              "speed": null,
              "pass": false,
              "fail": true,
              "pending": false,
              "context": "{\n  \"title\": \"cypress-mochawesome-reporter-screenshots\",\n  \"value\": [\n    [\n      \"/LoginPage15.cy.js/Login Page 15 -- CoursesTC_004, Verify Resource button for each course, chapter and for each document is working (failed).png\"\n    ]\n  ]\n}",
              "code": "cy.get('input[name=\"username\"]').type(\"100064692\");\ncy.get('input[name=\"password\"]').type(\"100064692ab\");\ncy.contains('button', 'Submit').click(); // Click the submit button\ncy.wait('@loginRequest') // Wait for the request to complete\n.its('response.statusCode').should('eq', 200); // Assert response status\ncy.contains(/courses/i).should('exist');\ncy.get('a[href=\"/student/courses/2\"]').click();\ncy.get('h4').contains(\"Operating Systems\").should('exist');\ncy.get('.css-69i1ev button').click();\ncy.get(\".css-1l5fc5h li\").last().should('contain.text', 'Give me the summary of this resource');\ncy.get(\".css-105tbcy li:first-child .css-uwug0d\").click();\ncy.get(\".css-1l5fc5h li\").last().should('contain.text', 'Give me the summary of this resource');\ncy.get(\"#panel1-header\").click();\ncy.get(\".css-1cbf1l2 button\").click();\ncy.get(\".css-1l5fc5h li\").last().should('contain.text', 'Give me the summary of this resource');",
              "err": {
                "message": "AssertionError: Timed out retrying after 4000ms: Expected to find element: `a[href=\"/student/courses/2\"]`, but never found it.",
                "estack": "AssertionError: Timed out retrying after 4000ms: Expected to find element: `a[href=\"/student/courses/2\"]`, but never found it.\n    at Context.eval (webpack://cypress-project/./cypress/e2e/LoginPage15.cy.js:61:7)",
                "diff": null
              },
              "uuid": "600b556b-a4d9-49c9-bdf6-6ddef754ab76",
              "parentUUID": "5e6ade06-54ff-4616-a0bf-69afdefc3dd1",
              "isHook": false,
              "skipped": false
            },
            {
              "title": "CoursesTC_005, Verify Stard Session and End Session are working",
              "fullTitle": "Login Page 15 CoursesTC_005, Verify Stard Session and End Session are working",
              "timedOut": null,
              "duration": 16928,
              "state": "failed",
              "speed": null,
              "pass": false,
              "fail": true,
              "pending": false,
              "context": "{\n  \"title\": \"cypress-mochawesome-reporter-screenshots\",\n  \"value\": [\n    [\n      \"/LoginPage15.cy.js/Login Page 15 -- CoursesTC_005, Verify Stard Session and End Session are working (failed).png\"\n    ]\n  ]\n}",
              "code": "cy.get('input[name=\"username\"]').type(\"1015\");\ncy.get('input[name=\"password\"]').type(\"1015us\");\ncy.contains('button', 'Submit').click(); // Click the submit button\ncy.wait('@loginRequest') // Wait for the request to complete\n.its('response.statusCode').should('eq', 200); // Assert response status\ncy.contains(/courses/i).should('exist');\ncy.get('a[href=\"/student/courses/2\"]').click();\ncy.get('h4').contains(\"Operating Systems\").should('exist');\ncy.get(\".css-qsg04 .css-yd8sa2 div[aria-label^='Start Session']\").should('exist');\ncy.get(\".css-qsg04 .css-yd8sa2 div[aria-label^='Interrupt']\").should('have.attr', 'aria-disabled', 'true');\ncy.get(\".css-qsg04 .css-yd8sa2 button[aria-label^='Hold to Start Recording']\").should('be.disabled');\ncy.get(\".css-qsg04 .css-yd8sa2 div[aria-label^='Start Session']\").click();\ncy.wait('@streamingStart', {\n  timeout: 40000\n}).then(interception => {\n  if (interception.response.statusCode === 200) {\n    // If the request is successful, check if \"End session\" exists\n    cy.get('div[aria-label^=\"End Session\"]', {\n      timeout: 25000\n    }).should('exist');\n    cy.get(\".css-qsg04 .css-yd8sa2 div[aria-label^='Interrupt']\").should('not.be.disabled');\n    cy.get(\".css-qsg04 .css-yd8sa2 button[aria-label^='Hold to Start Recording']\").should('not.be.disabled');\n    //  cy.get('div').contains('Starting Avatar Took too long, please try again!').should('not.exist')\n  } else {\n    // If the request fails, check that \"End session\" does NOT exist\n    cy.get('div[aria-label^=\"End Session\"]', {\n      timeout: 25000\n    }).should('not.exist');\n    //  cy.get('div').contains('Starting Avatar Took too long, please try again!').should('exist')\n  }\n});\ncy.get('.css-qsg04 .css-yd8sa2 div[aria-label^=\"End Session\"]').click();\ncy.get(\".css-qsg04 .css-yd8sa2 div[aria-label^='Start Session']\").should('exist');\ncy.get(\".css-qsg04 .css-yd8sa2 div[aria-label^='Interrupt']\").should('have.attr', 'aria-disabled', 'true');\ncy.get(\".css-qsg04 .css-yd8sa2 button[aria-label^='Hold to Start Recording']\").should('be.disabled');",
              "err": {
                "message": "AssertionError: Timed out retrying after 4000ms: Expected to find content: 'Operating Systems' within the element: <h4.MuiTypography-root.MuiTypography-h4.css-16tclst> but never did.",
                "estack": "AssertionError: Timed out retrying after 4000ms: Expected to find content: 'Operating Systems' within the element: <h4.MuiTypography-root.MuiTypography-h4.css-16tclst> but never did.\n    at Context.eval (webpack://cypress-project/./cypress/e2e/LoginPage15.cy.js:89:47)",
                "diff": null
              },
              "uuid": "d438e19e-64d7-42a5-9205-83f3faaa9823",
              "parentUUID": "5e6ade06-54ff-4616-a0bf-69afdefc3dd1",
              "isHook": false,
              "skipped": false
            },
            {
              "title": "CoursesTC_006, Verify Record from the input is working",
              "fullTitle": "Login Page 15 CoursesTC_006, Verify Record from the input is working",
              "timedOut": null,
              "duration": 15246,
              "state": "failed",
              "speed": null,
              "pass": false,
              "fail": true,
              "pending": false,
              "context": "{\n  \"title\": \"cypress-mochawesome-reporter-screenshots\",\n  \"value\": [\n    [\n      \"/LoginPage15.cy.js/Login Page 15 -- CoursesTC_006, Verify Record from the input is working (failed).png\"\n    ]\n  ]\n}",
              "code": "cy.get('input[name=\"username\"]').type(\"1015\");\ncy.get('input[name=\"password\"]').type(\"1015us\");\ncy.contains('button', 'Submit').click(); // Click the submit button\ncy.wait('@loginRequest') // Wait for the request to complete\n.its('response.statusCode').should('eq', 200); // Assert response status\ncy.contains(/courses/i).should('exist');\ncy.get('a[href=\"/student/courses/2\"]').click();\ncy.get('h4').contains(\"Operating Systems\").should('exist');\ncy.get('.css-y42r8g').trigger('mousedown');\ncy.get('.css-y42r8g').should('have.class', 'active');\ncy.get('.css-y42r8g').trigger('mouseup');\ncy.get('.css-y42r8g').should('not.have.class', 'active');",
              "err": {
                "message": "AssertionError: Timed out retrying after 4000ms: Expected to find element: `a[href=\"/student/courses/2\"]`, but never found it.",
                "estack": "AssertionError: Timed out retrying after 4000ms: Expected to find element: `a[href=\"/student/courses/2\"]`, but never found it.\n    at Context.eval (webpack://cypress-project/./cypress/e2e/LoginPage15.cy.js:129:7)",
                "diff": null
              },
              "uuid": "245ba354-aee6-4a71-adf0-93f71680d6c8",
              "parentUUID": "5e6ade06-54ff-4616-a0bf-69afdefc3dd1",
              "isHook": false,
              "skipped": false
            },
            {
              "title": "CoursesTC_007, Verify Record from Avatar is working",
              "fullTitle": "Login Page 15 CoursesTC_007, Verify Record from Avatar is working",
              "timedOut": null,
              "duration": 15808,
              "state": "failed",
              "speed": null,
              "pass": false,
              "fail": true,
              "pending": false,
              "context": "{\n  \"title\": \"cypress-mochawesome-reporter-screenshots\",\n  \"value\": [\n    [\n      \"/LoginPage15.cy.js/Login Page 15 -- CoursesTC_007, Verify Record from Avatar is working (failed).png\"\n    ]\n  ]\n}",
              "code": "cy.get('input[name=\"username\"]').type(\"1015\");\ncy.get('input[name=\"password\"]').type(\"1015us\");\ncy.contains('button', 'Submit').click(); // Click the submit button\ncy.wait('@loginRequest') // Wait for the request to complete\n.its('response.statusCode').should('eq', 200); // Assert response status\ncy.contains(/courses/i).should('exist');\ncy.get('a[href=\"/student/courses/2\"]').click();\ncy.get('h4').contains(\"Operating Systems\").should('exist');\ncy.get(\".css-qsg04 .css-yd8sa2 div[aria-label^='Start Session']\").should('exist');\ncy.get(\".css-qsg04 .css-yd8sa2 div[aria-label^='Interrupt']\").should('have.attr', 'aria-disabled', 'true');\ncy.get(\".css-qsg04 .css-yd8sa2 button[aria-label^='Hold to Start Recording']\").should('be.disabled');\ncy.get(\".css-qsg04 .css-yd8sa2 div[aria-label^='Start Session']\").click();\ncy.wait('@streamingStart', {\n  timeout: 40000\n}).then(interception => {\n  if (interception.response.statusCode === 200) {\n    // If the request is successful, check if \"End session\" exists\n    cy.get('div[aria-label^=\"End Session\"]', {\n      timeout: 25000\n    }).should('exist');\n    cy.get(\".css-qsg04 .css-yd8sa2 div[aria-label^='Interrupt']\").should('not.be.disabled');\n    cy.get(\".css-qsg04 .css-yd8sa2 button[aria-label^='Hold to Start Recording']\").should('not.be.disabled');\n    //  cy.get('div').contains('Starting Avatar Took too long, please try again!').should('not.exist')\n  } else {\n    // If the request fails, check that \"End session\" does NOT exist\n    cy.get('div[aria-label^=\"End Session\"]', {\n      timeout: 25000\n    }).should('not.exist');\n    //  cy.get('div').contains('Starting Avatar Took too long, please try again!').should('exist')\n  }\n});\ncy.get(\".css-qsg04 .css-yd8sa2 > button\").first().trigger('mousedown');\ncy.get(\".css-qsg04 .css-yd8sa2 > button\").first().should('not.be.disabled');\ncy.get(\".css-qsg04 .css-yd8sa2 button[aria-label^='Release to Stop Recording']\").should('exist');\ncy.get('.css-plk6wi video').should('have.css', 'outline', 'rgb(255, 193, 7) solid 5px');\ncy.get(\".css-qsg04 .css-yd8sa2 > button\").first().trigger('mouseup');\ncy.get(\".css-qsg04 .css-yd8sa2 > button\").first().should('not.have.attr', 'active');\ncy.get('.css-plk6wi video').should('not.have.css', 'outline', 'rgb(255, 193, 7) solid 5px');\ncy.get('.css-qsg04 .css-yd8sa2 div[aria-label^=\"End Session\"]').click();",
              "err": {
                "message": "AssertionError: Timed out retrying after 4000ms: Expected to find content: 'Operating Systems' within the element: <h4.MuiTypography-root.MuiTypography-h4.css-16tclst> but never did.",
                "estack": "AssertionError: Timed out retrying after 4000ms: Expected to find content: 'Operating Systems' within the element: <h4.MuiTypography-root.MuiTypography-h4.css-16tclst> but never did.\n    at Context.eval (webpack://cypress-project/./cypress/e2e/LoginPage15.cy.js:152:47)",
                "diff": null
              },
              "uuid": "ec9c26bc-a16b-468e-bb3f-100c2f6eeb41",
              "parentUUID": "5e6ade06-54ff-4616-a0bf-69afdefc3dd1",
              "isHook": false,
              "skipped": false
            }
          ],
          "suites": [],
          "passes": [
            "345d779b-dea1-41c2-825d-0e33399d5e88",
            "67600c25-cb62-4652-b78c-46ae5c54c2a3",
            "b71fb2b2-31b3-4c36-9469-6bd5abbe7fb4",
            "77775c04-9e21-4c38-9f1b-2678f88474a7"
          ],
          "failures": [
            "600b556b-a4d9-49c9-bdf6-6ddef754ab76",
            "d438e19e-64d7-42a5-9205-83f3faaa9823",
            "245ba354-aee6-4a71-adf0-93f71680d6c8",
            "ec9c26bc-a16b-468e-bb3f-100c2f6eeb41"
          ],
          "pending": [],
          "skipped": [],
          "duration": 126623,
          "root": false,
          "rootEmpty": false,
          "_timeout": 2000
        }
      ],
      "passes": [],
      "failures": [],
      "pending": [],
      "skipped": [],
      "duration": 0,
      "root": true,
      "rootEmpty": true,
      "_timeout": 2000
    }
  ],
  "meta": {
    "mocha": {
      "version": "7.0.1"
    },
    "mochawesome": {
      "options": {
        "quiet": false,
        "reportFilename": "mochawesome",
        "saveHtml": false,
        "saveJson": true,
        "consoleReporter": "spec",
        "useInlineDiffs": false,
        "code": true
      },
      "version": "7.1.3"
    },
    "marge": {
      "options": {
        "id": "default",
        "cypressParallel": "true",
        "overwrite": false,
        "html": false,
        "json": true,
        "reportDir": "cypress/reports/html/.jsons"
      },
      "version": "6.2.0"
    }
  }
}