{
  "stats": {
    "suites": 1,
    "tests": 1,
    "passes": 0,
    "pending": 0,
    "failures": 1,
    "start": "2025-04-22T14:44:30.064Z",
    "end": "2025-04-22T14:45:17.468Z",
    "duration": 47404,
    "testsRegistered": 1,
    "passPercent": 0,
    "pendingPercent": 0,
    "other": 0,
    "hasOther": false,
    "skipped": 0,
    "hasSkipped": false
  },
  "results": [
    {
      "uuid": "567177e0-bf56-4ef9-bbaa-3e174cdf9b36",
      "title": "",
      "fullFile": "cypress/e2e/PracticeQuiz.cy.js",
      "file": "cypress/e2e/PracticeQuiz.cy.js",
      "beforeHooks": [],
      "afterHooks": [],
      "tests": [],
      "suites": [
        {
          "uuid": "1df9f1c5-53e5-4a28-b612-9dd7546c10e9",
          "title": "Login Page",
          "fullFile": "",
          "file": "",
          "beforeHooks": [],
          "afterHooks": [],
          "tests": [
            {
              "title": "PracticeQuiz_001, Verify Quizes are answered right",
              "fullTitle": "Login Page PracticeQuiz_001, Verify Quizes are answered right",
              "timedOut": null,
              "duration": 46972,
              "state": "failed",
              "speed": null,
              "pass": false,
              "fail": true,
              "pending": false,
              "context": "{\n  \"title\": \"cypress-mochawesome-reporter-screenshots\",\n  \"value\": [\n    [\n      \"/PracticeQuiz.cy.js/Login Page -- PracticeQuiz_001, Verify Quizes are answered right (failed).png\"\n    ]\n  ]\n}",
              "code": "//Generate Quiz with Azzam Teacher Account\ncy.get('input[name=\"username\"]').type(\"azzam\");\ncy.get('input[name=\"password\"]').type(\"2025\");\ncy.contains('button', 'Submit').click();\ncy.wait('@loginRequest').its('response.statusCode').should('eq', 200);\ncy.get('h4').contains(/courses/i).should('exist');\ncy.get('a[href=\"/teacher/courses\"] button').eq(2).click().click();\ncy.get('a[href=\"/teacher/quizzes/practice_quiz\"]').click();\ncy.get('.css-1kbld div').eq(0).click();\ncy.get('.css-194gybb').click();\ncy.contains('button', /generate quiz/i).click();\ncy.get('.css-1pk1fka').eq(0).type(3);\ncy.get('.css-1pk1fka').eq(1).type(7);\ncy.contains('button', /submit/i).click();\ncy.wait('@generateQuiz').its('response.statusCode').should('eq', 200);\ncy.get('.css-1mzzf4q').click();\ncy.contains('button', /logout/i).click();\ncy.wait('@logoutRequest').its('response.statusCode').should('eq', 200);\ncy.get('input[name=\"username\"]').type(\"1020\");\ncy.get('input[name=\"password\"]').type(\"1020us\");\ncy.contains('button', 'Submit').click();\ncy.wait('@loginRequest').its('response.statusCode').should('eq', 200);\ncy.get('h4').contains(/courses/i).should('exist');\ncy.get('a[href=\"/student/practice_quiz\"] button').click();\ncy.get('.css-1kbld div').first().click();\ncy.contains('button', /start quiz/i).click();\n// Loop until the current score equals the total\ncy.wrap(null).then(function checkScore() {\n  return cy.get('div.css-7zyx8e p').eq(3).invoke('text').then(text => {\n    const [current, total] = text.trim().split(' / ').map(Number);\n    if (current < total) {\n      // Click a random answer\n      cy.get('.css-lkjjpk').then(answers => {\n        const randomIndex = Math.floor(Math.random() * answers.length);\n        cy.wrap(answers[randomIndex]).click();\n      });\n      // Submit and go to next question\n      cy.contains('Submit').click();\n      cy.contains(/next question/i).click();\n      // Wait a bit for UI update, then recheck\n      cy.wait(500);\n      return checkScore(); // ⬅️ no named function, just a recursive .then\n    }\n    // Done with quiz, continue\n  });\n});",
              "err": {
                "message": "AssertionError: Timed out retrying after 4000ms: Expected to find element: `.css-194gybb`, but never found it.",
                "estack": "AssertionError: Timed out retrying after 4000ms: Expected to find element: `.css-194gybb`, but never found it.\n    at Context.eval (webpack://cypress-project/./cypress/e2e/PracticeQuiz.cy.js:28:7)",
                "diff": null
              },
              "uuid": "625a51ea-c7b2-4d13-b444-4f5385a6978a",
              "parentUUID": "1df9f1c5-53e5-4a28-b612-9dd7546c10e9",
              "isHook": false,
              "skipped": false
            }
          ],
          "suites": [],
          "passes": [],
          "failures": [
            "625a51ea-c7b2-4d13-b444-4f5385a6978a"
          ],
          "pending": [],
          "skipped": [],
          "duration": 46972,
          "root": false,
          "rootEmpty": false,
          "_timeout": 2000
        }
      ],
      "passes": [],
      "failures": [],
      "pending": [],
      "skipped": [],
      "duration": 0,
      "root": true,
      "rootEmpty": true,
      "_timeout": 2000
    }
  ],
  "meta": {
    "mocha": {
      "version": "7.0.1"
    },
    "mochawesome": {
      "options": {
        "quiet": false,
        "reportFilename": "mochawesome",
        "saveHtml": false,
        "saveJson": true,
        "consoleReporter": "spec",
        "useInlineDiffs": false,
        "code": true
      },
      "version": "7.1.3"
    },
    "marge": {
      "options": {
        "id": "default",
        "cypressParallel": "true",
        "overwrite": false,
        "html": false,
        "json": true,
        "reportDir": "cypress/reports/html/.jsons"
      },
      "version": "6.2.0"
    }
  }
}