{
  "stats": {
    "suites": 1,
    "tests": 1,
    "passes": 0,
    "pending": 0,
    "failures": 1,
    "start": "2025-04-22T14:43:51.000Z",
    "end": "2025-04-22T14:45:21.165Z",
    "duration": 90165,
    "testsRegistered": 1,
    "passPercent": 0,
    "pendingPercent": 0,
    "other": 0,
    "hasOther": false,
    "skipped": 0,
    "hasSkipped": false
  },
  "results": [
    {
      "uuid": "9b3567e4-48c1-4019-964e-956e1beb0ca4",
      "title": "",
      "fullFile": "cypress/e2e/GradedQuiz.cy.js",
      "file": "cypress/e2e/GradedQuiz.cy.js",
      "beforeHooks": [],
      "afterHooks": [],
      "tests": [],
      "suites": [
        {
          "uuid": "b5090bc8-a564-4554-83af-6b0dc3a776f7",
          "title": "Graded Quiz Page",
          "fullFile": "",
          "file": "",
          "beforeHooks": [],
          "afterHooks": [],
          "tests": [
            {
              "title": "GradedQuiz_001, Verify Quizzes are answered rtight",
              "fullTitle": "Graded Quiz Page GradedQuiz_001, Verify Quizzes are answered rtight",
              "timedOut": null,
              "duration": 89536,
              "state": "failed",
              "speed": null,
              "pass": false,
              "fail": true,
              "pending": false,
              "context": "{\n  \"title\": \"cypress-mochawesome-reporter-screenshots\",\n  \"value\": [\n    [\n      \"/GradedQuiz.cy.js/Graded Quiz Page -- GradedQuiz_001, Verify Quizzes are answered rtight (failed).png\"\n    ]\n  ]\n}",
              "code": "//Generate Quiz with Azzam Teacher Account\ncy.get('input[name=\"username\"]').type(\"azzam\");\ncy.get('input[name=\"password\"]').type(\"2025\");\ncy.contains('button', 'Submit').click();\ncy.wait('@loginRequest').its('response.statusCode').should('eq', 200);\ncy.get('h4').contains(/courses/i).should('exist');\ncy.get('a[href=\"/teacher/courses\"] button').eq(2).click().click();\ncy.get('a[href=\"/teacher/graded_quiz\"]').click();\ncy.contains('button', /add quiz/i).click();\n//fill in the inputs\ncy.get('input[name=\"title\"]').type('test3');\ncy.get('input[name=\"time_limit\"]').type('5');\ncy.get('input[name=\"course_weight\"]').type('10');\ncy.get('input[name=\"is_visible_for_students\"]').click();\ncy.contains('button', /submit/i).click();\ncy.wait('@generateGradedQuiz').its('response.statusCode').should('eq', 200);\ncy.wait(2000);\ncy.get('div[aria-colindex=\"1\"]').eq(0).click().click();\n//Assert that the test is created\ncy.get('div[aria-colindex=\"2\"]').eq(1).contains(/test3/i);\ncy.get('div[aria-colindex=\"1\"]').eq(1).then(id => {\n  quizID = id.text();\n}).then(() => {\n  cy.get(`a[href=\"/teacher/graded_quiz/${quizID}/questions\"]`).click();\n  cy.wait(2000);\n  cy.url().should('eq', `https://test2.ku-ai-instructor.azzammourad.org/teacher/graded_quiz/${quizID}/questions`);\n  cy.contains(/no rows/i);\n  cy.contains('button', /generate question/i).click();\n  //fill the form\n  cy.get('input[name=\"multiple_choice_question\"]').type(2);\n  cy.get('input[name=\"true_false\"]').type(8);\n  cy.get('#mui-component-select-content_id').click();\n  cy.get('.css-ubifyk li').first().click();\n  cy.contains('button', /submit/i).click();\n  cy.intercept('POST', `https://qapi.ku-ai-instructor.azzammourad.org/graded_quiz/teacher/${quizID}/generate_questions?content_id=7`).as('generateGradedQuestions');\n  cy.wait('@generateGradedQuestions', {\n    timeout: 35000\n  }).its('response.statusCode').should('eq', 200);\n  cy.get('.css-1vouojk > div').should('have.length', 10);\n  cy.get('.css-1mzzf4q').click();\n  cy.contains('button', /logout/i).click();\n  cy.wait('@logoutRequest').its('response.statusCode').should('eq', 200);\n  //login as a student\n  cy.get('input[name=\"username\"]').type(\"1020\");\n  cy.get('input[name=\"password\"]').type(\"1020us\");\n  cy.contains('button', 'Submit').click();\n  cy.wait('@loginRequest').its('response.statusCode').should('eq', 200);\n  cy.get('h4').contains(/courses/i).should('exist');\n  cy.get('.css-zmr5k1').eq(2).then($el => {\n    if ($el.length) {\n      cy.wrap($el).click();\n    }\n  });\n  cy.get('body').then($body => {\n    const $btn = $body.find('button:contains(\"Graded Quizzes\")');\n    if ($btn.length) {\n      cy.wrap($btn).click();\n    }\n  });\n  cy.contains('div', /test3/i).click();\n  cy.contains('button', /start/i).click();\n  //Answer randomly to the questions\n  cy.get('.css-1ytbthu').each($div => {\n    const $labels = $div.find('label');\n    const randomIndex = Math.floor(Math.random() * $labels.length);\n    cy.wrap($labels.eq(randomIndex)).click();\n  });\n  cy.contains('button', /submit/i).click();\n  cy.get('.css-1yv1rpc').click();\n  cy.contains('button', /logout/i).click();\n  cy.wait('@logoutRequest').its('response.statusCode').should('eq', 200);\n  //login as teacher\n  cy.get('input[name=\"username\"]').type(\"azzam\");\n  cy.get('input[name=\"password\"]').type(\"2025\");\n  cy.contains('button', 'Submit').click();\n  cy.wait('@loginRequest').its('response.statusCode').should('eq', 200);\n  cy.get('h4').contains(/courses/i).should('exist');\n  cy.get('a[href=\"/teacher/courses\"] button').eq(2).click().click();\n  cy.get('a[href=\"/teacher/graded_quiz\"]').click();\n  cy.get(`a[href=\"/teacher/graded_quiz/${quizID}/submissions\"]`).click();\n  cy.contains('button', /correct submissions/i).click();\n  cy.contains('button', /confirm/i).click();\n  // cy.intercept('POST', `https://qapi.ku-ai-instructor.azzammourad.org/graded_quiz/teacher/${quizID}/correct`).as('correctTheQuiz')\n  // cy.wait('@correctTheQuiz', { timeout: 35000 }).its('response.statusCode').should('eq', 200)\n  cy.contains('button', /change grade visibility/i).click();\n  cy.contains('button', /submit/i).click();\n  cy.get('.css-1mzzf4q').click();\n  cy.contains('button', /logout/i).click();\n  cy.wait('@logoutRequest').its('response.statusCode').should('eq', 200);\n  cy.get('input[name=\"username\"]').type(\"1020\");\n  cy.get('input[name=\"password\"]').type(\"1020us\");\n  cy.contains('button', 'Submit').click();\n  cy.wait('@loginRequest').its('response.statusCode').should('eq', 200);\n  cy.get('h4').contains(/courses/i).should('exist');\n  cy.get('.css-zmr5k1').eq(2).then($el => {\n    if ($el.length) {\n      cy.wrap($el).click();\n    }\n  });\n  cy.get('body').then($body => {\n    const $btn = $body.find('button:contains(\"Graded Quizzes\")');\n    if ($btn.length) {\n      cy.wrap($btn).click();\n    }\n  });\n  cy.contains('div', /test3/i).click();\n  cy.contains(/failed|passed/i).should('exist');\n});",
              "err": {
                "message": "CypressError: Timed out retrying after 35000ms: `cy.wait()` timed out waiting `35000ms` for the 1st request to the route: `generateGradedQuestions`. No request ever occurred.\n\nhttps://on.cypress.io/wait",
                "estack": "CypressError: Timed out retrying after 35000ms: `cy.wait()` timed out waiting `35000ms` for the 1st request to the route: `generateGradedQuestions`. No request ever occurred.\n\nhttps://on.cypress.io/wait\n    at cypressErr (https://test2.ku-ai-instructor.azzammourad.org/__cypress/runner/cypress_runner.js:75176:18)\n    at Object.errByPath (https://test2.ku-ai-instructor.azzammourad.org/__cypress/runner/cypress_runner.js:75230:10)\n    at checkForXhr (https://test2.ku-ai-instructor.azzammourad.org/__cypress/runner/cypress_runner.js:136105:84)\n    at <unknown> (https://test2.ku-ai-instructor.azzammourad.org/__cypress/runner/cypress_runner.js:136131:28)\n    at tryCatcher (https://test2.ku-ai-instructor.azzammourad.org/__cypress/runner/cypress_runner.js:1777:23)\n    at Promise.attempt.Promise.try (https://test2.ku-ai-instructor.azzammourad.org/__cypress/runner/cypress_runner.js:4285:29)\n    at whenStable (https://test2.ku-ai-instructor.azzammourad.org/__cypress/runner/cypress_runner.js:144517:68)\n    at <unknown> (https://test2.ku-ai-instructor.azzammourad.org/__cypress/runner/cypress_runner.js:144458:14)\n    at tryCatcher (https://test2.ku-ai-instructor.azzammourad.org/__cypress/runner/cypress_runner.js:1777:23)\n    at Promise._settlePromiseFromHandler (https://test2.ku-ai-instructor.azzammourad.org/__cypress/runner/cypress_runner.js:1489:31)\n    at Promise._settlePromise (https://test2.ku-ai-instructor.azzammourad.org/__cypress/runner/cypress_runner.js:1546:18)\n    at Promise._settlePromise0 (https://test2.ku-ai-instructor.azzammourad.org/__cypress/runner/cypress_runner.js:1591:10)\n    at Promise._settlePromises (https://test2.ku-ai-instructor.azzammourad.org/__cypress/runner/cypress_runner.js:1671:18)\n    at Promise._fulfill (https://test2.ku-ai-instructor.azzammourad.org/__cypress/runner/cypress_runner.js:1615:18)\n    at <unknown> (https://test2.ku-ai-instructor.azzammourad.org/__cypress/runner/cypress_runner.js:5420:46)\nFrom Your Spec Code:\n    at Object.proxyGetter [as get] (https://test2.ku-ai-instructor.azzammourad.org/__cypress/runner/cypress_runner.js:77938:22)\n    at exists (https://test2.ku-ai-instructor.azzammourad.org/__cypress/runner/cypress_runner.js:143717:26)\n    at elExists (https://test2.ku-ai-instructor.azzammourad.org/__cypress/runner/cypress_runner.js:143732:10)\n    at ensureExistence (https://test2.ku-ai-instructor.azzammourad.org/__cypress/runner/cypress_runner.js:143913:22)\n    at onFailFn (https://test2.ku-ai-instructor.azzammourad.org/__cypress/runner/cypress_runner.js:143942:53)",
                "diff": null
              },
              "uuid": "544467a0-f854-4a18-b4de-8236be8f26d3",
              "parentUUID": "b5090bc8-a564-4554-83af-6b0dc3a776f7",
              "isHook": false,
              "skipped": false
            }
          ],
          "suites": [],
          "passes": [],
          "failures": [
            "544467a0-f854-4a18-b4de-8236be8f26d3"
          ],
          "pending": [],
          "skipped": [],
          "duration": 89536,
          "root": false,
          "rootEmpty": false,
          "_timeout": 2000
        }
      ],
      "passes": [],
      "failures": [],
      "pending": [],
      "skipped": [],
      "duration": 0,
      "root": true,
      "rootEmpty": true,
      "_timeout": 2000
    }
  ],
  "meta": {
    "mocha": {
      "version": "7.0.1"
    },
    "mochawesome": {
      "options": {
        "quiet": false,
        "reportFilename": "mochawesome",
        "saveHtml": false,
        "saveJson": true,
        "consoleReporter": "spec",
        "useInlineDiffs": false,
        "code": true
      },
      "version": "7.1.3"
    },
    "marge": {
      "options": {
        "id": "default",
        "cypressParallel": "true",
        "overwrite": false,
        "html": false,
        "json": true,
        "reportDir": "cypress/reports/html/.jsons"
      },
      "version": "6.2.0"
    }
  }
}