{
  "stats": {
    "suites": 1,
    "tests": 1,
    "passes": 0,
    "pending": 0,
    "failures": 1,
    "start": "2025-04-23T14:08:01.823Z",
    "end": "2025-04-23T14:08:46.166Z",
    "duration": 44343,
    "testsRegistered": 4,
    "passPercent": 0,
    "pendingPercent": 0,
    "other": 0,
    "hasOther": false,
    "skipped": 3,
    "hasSkipped": true
  },
  "results": [
    {
      "uuid": "14878f5a-e2e7-4ab9-b17c-ee8e49b41fae",
      "title": "",
      "fullFile": "cypress/e2e/LoginPage/LoginPage16.cy.js",
      "file": "cypress/e2e/LoginPage/LoginPage16.cy.js",
      "beforeHooks": [],
      "afterHooks": [],
      "tests": [],
      "suites": [
        {
          "uuid": "f749bbeb-47ee-4651-9278-b19eba18155b",
          "title": "Login Page 16",
          "fullFile": "",
          "file": "",
          "beforeHooks": [],
          "afterHooks": [],
          "tests": [
            {
              "title": "LoginTC_001, Verify successful login with valid credentials",
              "fullTitle": "Login Page 16 LoginTC_001, Verify successful login with valid credentials",
              "timedOut": null,
              "duration": 43623,
              "state": "failed",
              "speed": null,
              "pass": false,
              "fail": true,
              "pending": false,
              "context": "[\n  {\n    \"title\": \"cypress-mochawesome-reporter-videos-failed\",\n    \"value\": \"cypress/e2e/LoginPage/LoginPage16.cy.js\"\n  },\n  {\n    \"title\": \"cypress-mochawesome-reporter-screenshots\",\n    \"value\": [\n      [\n        \"/LoginPage16.cy.js/Login Page 16 -- LoginTC_001, Verify successful login with valid credentials -- before each hook (failed).png\"\n      ]\n    ]\n  }\n]",
              "code": "cy.get('input[name=\"username\"]').type(\"1016\");\ncy.get('input[name=\"password\"]').type(\"1016us\");\ncy.contains('button', 'Submit').click(); // Click the submit button\ncy.wait('@loginRequest') // Wait for the request to complete\n.its('response.statusCode').should('eq', 200); // Assert response status\ncy.wait(2000);\ncy.contains(/courses/i).should('exist');",
              "err": {
                "message": "AssertionError: Timed out retrying after 4000ms: Expected to find content: '/login/i' but never did.\n\nBecause this error occurred during a `before each` hook we are skipping the remaining tests in the current suite: `Login Page 16`",
                "estack": "AssertionError: Timed out retrying after 4000ms: Expected to find content: '/login/i' but never did.\n\nBecause this error occurred during a `before each` hook we are skipping the remaining tests in the current suite: `Login Page 16`\n    at Context.eval (webpack://cypress-project/./cypress/e2e/LoginPage/LoginPage16.cy.js:5:7)",
                "diff": null
              },
              "uuid": "279122e5-06c6-421e-a1a7-db8d20ccebf6",
              "parentUUID": "f749bbeb-47ee-4651-9278-b19eba18155b",
              "isHook": false,
              "skipped": false
            },
            {
              "title": "LoginTC_002, Verify error message for incorrect password",
              "fullTitle": "Login Page 16 LoginTC_002, Verify error message for incorrect password",
              "timedOut": null,
              "duration": 0,
              "state": "skipped",
              "speed": null,
              "pass": false,
              "fail": false,
              "pending": false,
              "context": null,
              "code": "cy.get('input[name=\"username\"]').type(\"1016\");\ncy.get('input[name=\"password\"]').type(\"1016ahh\");\ncy.contains('button', 'Submit').click(); // Click the submit button\ncy.wait('@loginRequest') // Wait for the request to complete\n.its('response.statusCode').should('eq', 401); // Assert response status\ncy.contains(/incorrect username or password/i);",
              "err": {},
              "uuid": "5db029e0-864b-421f-b15d-971426a1bbef",
              "parentUUID": "f749bbeb-47ee-4651-9278-b19eba18155b",
              "isHook": false,
              "skipped": true
            },
            {
              "title": "LoginTC_003, Verify error message for incorrect password",
              "fullTitle": "Login Page 16 LoginTC_003, Verify error message for incorrect password",
              "timedOut": null,
              "duration": 0,
              "state": "skipped",
              "speed": null,
              "pass": false,
              "fail": false,
              "pending": false,
              "context": null,
              "code": "cy.get('input[name=\"username\"]').type(\"no user\");\ncy.get('input[name=\"password\"]').type(\"no pass\");\ncy.contains('button', 'Submit').click(); // Click the submit button\ncy.wait('@loginRequest') // Wait for the request to complete\n.its('response.statusCode').should('eq', 401); // Assert response status\ncy.contains(/incorrect username or password/i);",
              "err": {},
              "uuid": "def4d43d-c8c7-4992-8196-5650ecbddd0d",
              "parentUUID": "f749bbeb-47ee-4651-9278-b19eba18155b",
              "isHook": false,
              "skipped": true
            },
            {
              "title": "LoginTC_004, Verify login with empty username/password fields",
              "fullTitle": "Login Page 16 LoginTC_004, Verify login with empty username/password fields",
              "timedOut": null,
              "duration": 0,
              "state": "skipped",
              "speed": null,
              "pass": false,
              "fail": false,
              "pending": false,
              "context": null,
              "code": "cy.get('button').should('be.disabled');",
              "err": {},
              "uuid": "09cd1716-b550-4ad9-b519-6aecbf3aeccf",
              "parentUUID": "f749bbeb-47ee-4651-9278-b19eba18155b",
              "isHook": false,
              "skipped": true
            }
          ],
          "suites": [],
          "passes": [],
          "failures": [
            "279122e5-06c6-421e-a1a7-db8d20ccebf6"
          ],
          "pending": [],
          "skipped": [
            "5db029e0-864b-421f-b15d-971426a1bbef",
            "def4d43d-c8c7-4992-8196-5650ecbddd0d",
            "09cd1716-b550-4ad9-b519-6aecbf3aeccf"
          ],
          "duration": 43623,
          "root": false,
          "rootEmpty": false,
          "_timeout": 2000
        }
      ],
      "passes": [],
      "failures": [],
      "pending": [],
      "skipped": [],
      "duration": 0,
      "root": true,
      "rootEmpty": true,
      "_timeout": 2000
    }
  ],
  "meta": {
    "mocha": {
      "version": "7.2.0"
    },
    "mochawesome": {
      "options": {
        "quiet": false,
        "reportFilename": "mochawesome",
        "saveHtml": false,
        "saveJson": true,
        "consoleReporter": "spec",
        "useInlineDiffs": false,
        "code": true
      },
      "version": "7.1.3"
    },
    "marge": {
      "options": {
        "id": "default",
        "cypressParallel": "true",
        "overwrite": false,
        "html": false,
        "json": true,
        "reportDir": "cypress/reports/html/.jsons"
      },
      "version": "6.2.0"
    }
  }
}