{
  "stats": {
    "suites": 1,
    "tests": 4,
    "passes": 1,
    "pending": 0,
    "failures": 3,
    "start": "2025-04-23T14:07:12.823Z",
    "end": "2025-04-23T14:08:53.555Z",
    "duration": 100732,
    "testsRegistered": 4,
    "passPercent": 25,
    "pendingPercent": 0,
    "other": 0,
    "hasOther": false,
    "skipped": 0,
    "hasSkipped": false
  },
  "results": [
    {
      "uuid": "e7114d4e-26ed-4bab-b21d-893436863c29",
      "title": "",
      "fullFile": "cypress/e2e/LoginPage/LoginPage.cy.js",
      "file": "cypress/e2e/LoginPage/LoginPage.cy.js",
      "beforeHooks": [],
      "afterHooks": [],
      "tests": [],
      "suites": [
        {
          "uuid": "7448cb05-9251-4ba4-918e-d917b6f5a4b4",
          "title": "Login Page",
          "fullFile": "",
          "file": "",
          "beforeHooks": [],
          "afterHooks": [],
          "tests": [
            {
              "title": "LoginTC_001, Verify successful login with valid credentials",
              "fullTitle": "Login Page LoginTC_001, Verify successful login with valid credentials",
              "timedOut": null,
              "duration": 45065,
              "state": "failed",
              "speed": null,
              "pass": false,
              "fail": true,
              "pending": false,
              "context": "[\n  {\n    \"title\": \"cypress-mochawesome-reporter-videos-failed\",\n    \"value\": \"cypress/e2e/LoginPage/LoginPage.cy.js\"\n  },\n  {\n    \"title\": \"cypress-mochawesome-reporter-screenshots\",\n    \"value\": [\n      [\n        \"/LoginPage.cy.js/Login Page -- LoginTC_001, Verify successful login with valid credentials (failed).png\"\n      ]\n    ]\n  }\n]",
              "code": "cy.get('input[name=\"username\"]').type(\"1020\");\ncy.get('input[name=\"password\"]').type(\"1020us\");\ncy.contains('button', 'Submit').click(); // Click the submit button\ncy.wait('@loginRequest') // Wait for the request to complete\n.its('response.statusCode').should('eq', 200); // Assert response status\ncy.wait(2000);\ncy.contains(/courses/i).should('exist');",
              "err": {
                "message": "AssertionError: Timed out retrying after 4000ms: Expected to find content: '/courses/i' but never did.",
                "estack": "AssertionError: Timed out retrying after 4000ms: Expected to find content: '/courses/i' but never did.\n    at Context.eval (webpack://cypress-project/./cypress/e2e/LoginPage/LoginPage.cy.js:21:28)",
                "diff": null
              },
              "uuid": "e9834b1d-649b-4bd6-a2a3-885543c4d06f",
              "parentUUID": "7448cb05-9251-4ba4-918e-d917b6f5a4b4",
              "isHook": false,
              "skipped": false
            },
            {
              "title": "LoginTC_002, Verify error message for incorrect password",
              "fullTitle": "Login Page LoginTC_002, Verify error message for incorrect password",
              "timedOut": null,
              "duration": 21045,
              "state": "failed",
              "speed": null,
              "pass": false,
              "fail": true,
              "pending": false,
              "context": "[\n  {\n    \"title\": \"cypress-mochawesome-reporter-videos-failed\",\n    \"value\": \"cypress/e2e/LoginPage/LoginPage.cy.js\"\n  },\n  {\n    \"title\": \"cypress-mochawesome-reporter-screenshots\",\n    \"value\": [\n      [\n        \"/LoginPage.cy.js/Login Page -- LoginTC_002, Verify error message for incorrect password (failed).png\"\n      ]\n    ]\n  }\n]",
              "code": "cy.get('[data-test=\"username\"] input').type(\"1020\");\ncy.get('[data-test=\"password\"] input').type(\"102ahh\");\ncy.contains('button', 'Submit').click(); // Click the submit button\ncy.wait('@loginRequest') // Wait for the request to complete\n.its('response.statusCode').should('eq', 401); // Assert response status\ncy.contains(/incorrect username or password/i);",
              "err": {
                "message": "AssertionError: Timed out retrying after 4000ms: Expected to find element: `[data-test=\"username\"] input`, but never found it.",
                "estack": "AssertionError: Timed out retrying after 4000ms: Expected to find element: `[data-test=\"username\"] input`, but never found it.\n    at Context.eval (webpack://cypress-project/./cypress/e2e/LoginPage/LoginPage.cy.js:25:7)",
                "diff": null
              },
              "uuid": "1c6840dd-162d-4f44-ba00-1a2902b3e5cb",
              "parentUUID": "7448cb05-9251-4ba4-918e-d917b6f5a4b4",
              "isHook": false,
              "skipped": false
            },
            {
              "title": "LoginTC_003, Verify error message for incorrect password",
              "fullTitle": "Login Page LoginTC_003, Verify error message for incorrect password",
              "timedOut": null,
              "duration": 17293,
              "state": "failed",
              "speed": null,
              "pass": false,
              "fail": true,
              "pending": false,
              "context": "[\n  {\n    \"title\": \"cypress-mochawesome-reporter-videos-failed\",\n    \"value\": \"cypress/e2e/LoginPage/LoginPage.cy.js\"\n  },\n  {\n    \"title\": \"cypress-mochawesome-reporter-screenshots\",\n    \"value\": [\n      [\n        \"/LoginPage.cy.js/Login Page -- LoginTC_003, Verify error message for incorrect password (failed).png\"\n      ]\n    ]\n  }\n]",
              "code": "cy.get('[data-test=\"username\"] input').type(\"no user\");\ncy.get('[data-test=\"password\"] input').type(\"no pass\");\ncy.contains('button', 'Submit').click(); // Click the submit button\ncy.wait('@loginRequest') // Wait for the request to complete\n.its('response.statusCode').should('eq', 401); // Assert response status\ncy.contains(/incorrect username or password/i);",
              "err": {
                "message": "AssertionError: Timed out retrying after 4000ms: Expected to find element: `[data-test=\"username\"] input`, but never found it.",
                "estack": "AssertionError: Timed out retrying after 4000ms: Expected to find element: `[data-test=\"username\"] input`, but never found it.\n    at Context.eval (webpack://cypress-project/./cypress/e2e/LoginPage/LoginPage.cy.js:36:7)",
                "diff": null
              },
              "uuid": "755adcee-b526-47f1-a156-75cca0f718f1",
              "parentUUID": "7448cb05-9251-4ba4-918e-d917b6f5a4b4",
              "isHook": false,
              "skipped": false
            },
            {
              "title": "LoginTC_004, Verify login with empty username/password fields",
              "fullTitle": "Login Page LoginTC_004, Verify login with empty username/password fields",
              "timedOut": null,
              "duration": 10544,
              "state": "passed",
              "speed": "slow",
              "pass": true,
              "fail": false,
              "pending": false,
              "context": "{\n  \"title\": \"cypress-mochawesome-reporter-videos-passed\",\n  \"value\": \"cypress/e2e/LoginPage/LoginPage.cy.js\"\n}",
              "code": "cy.get('button').should('be.disabled');",
              "err": {},
              "uuid": "6d1d3c54-b5ba-4507-a7f0-a01298c1fab0",
              "parentUUID": "7448cb05-9251-4ba4-918e-d917b6f5a4b4",
              "isHook": false,
              "skipped": false
            }
          ],
          "suites": [],
          "passes": [
            "6d1d3c54-b5ba-4507-a7f0-a01298c1fab0"
          ],
          "failures": [
            "e9834b1d-649b-4bd6-a2a3-885543c4d06f",
            "1c6840dd-162d-4f44-ba00-1a2902b3e5cb",
            "755adcee-b526-47f1-a156-75cca0f718f1"
          ],
          "pending": [],
          "skipped": [],
          "duration": 93947,
          "root": false,
          "rootEmpty": false,
          "_timeout": 2000
        }
      ],
      "passes": [],
      "failures": [],
      "pending": [],
      "skipped": [],
      "duration": 0,
      "root": true,
      "rootEmpty": true,
      "_timeout": 2000
    }
  ],
  "meta": {
    "mocha": {
      "version": "7.2.0"
    },
    "mochawesome": {
      "options": {
        "quiet": false,
        "reportFilename": "mochawesome",
        "saveHtml": false,
        "saveJson": true,
        "consoleReporter": "spec",
        "useInlineDiffs": false,
        "code": true
      },
      "version": "7.1.3"
    },
    "marge": {
      "options": {
        "id": "default",
        "cypressParallel": "true",
        "overwrite": false,
        "html": false,
        "json": true,
        "reportDir": "cypress/reports/html/.jsons"
      },
      "version": "6.2.0"
    }
  }
}