{
  "stats": {
    "suites": 1,
    "tests": 3,
    "passes": 1,
    "pending": 0,
    "failures": 2,
    "start": "2025-04-23T14:07:19.948Z",
    "end": "2025-04-23T14:08:46.645Z",
    "duration": 86697,
    "testsRegistered": 4,
    "passPercent": 25,
    "pendingPercent": 0,
    "other": 0,
    "hasOther": false,
    "skipped": 1,
    "hasSkipped": true
  },
  "results": [
    {
      "uuid": "7557b7be-706b-4ada-94b4-35660ee2a325",
      "title": "",
      "fullFile": "cypress/e2e/LoginPage/LoginPage10.cy.js",
      "file": "cypress/e2e/LoginPage/LoginPage10.cy.js",
      "beforeHooks": [],
      "afterHooks": [],
      "tests": [],
      "suites": [
        {
          "uuid": "06902fc7-3d46-4197-b1f8-957a66c9cfe7",
          "title": "Login Page 10",
          "fullFile": "",
          "file": "",
          "beforeHooks": [],
          "afterHooks": [],
          "tests": [
            {
              "title": "LoginTC_001, Verify successful login with valid credentials",
              "fullTitle": "Login Page 10 LoginTC_001, Verify successful login with valid credentials",
              "timedOut": null,
              "duration": 47105,
              "state": "failed",
              "speed": null,
              "pass": false,
              "fail": true,
              "pending": false,
              "context": "[\n  {\n    \"title\": \"cypress-mochawesome-reporter-videos-failed\",\n    \"value\": \"cypress/e2e/LoginPage/LoginPage10.cy.js\"\n  },\n  {\n    \"title\": \"cypress-mochawesome-reporter-screenshots\",\n    \"value\": [\n      [\n        \"/LoginPage10.cy.js/Login Page 10 -- LoginTC_001, Verify successful login with valid credentials (failed).png\"\n      ]\n    ]\n  }\n]",
              "code": "cy.get('input[name=\"username\"]').type(\"1010\");\ncy.get('input[name=\"password\"]').type(\"1010us\");\ncy.contains('button', 'Submit').click(); // Click the submit button\ncy.wait('@loginRequest') // Wait for the request to complete\n.its('response.statusCode').should('eq', 200); // Assert response status\ncy.wait(2000);\ncy.contains(/courses/i).should('exist');",
              "err": {
                "message": "AssertionError: Timed out retrying after 4000ms: Expected to find content: '/courses/i' but never did.",
                "estack": "AssertionError: Timed out retrying after 4000ms: Expected to find content: '/courses/i' but never did.\n    at Context.eval (webpack://cypress-project/./cypress/e2e/LoginPage/LoginPage10.cy.js:21:28)",
                "diff": null
              },
              "uuid": "b1bf075a-eac8-4bce-891c-5311948e8b84",
              "parentUUID": "06902fc7-3d46-4197-b1f8-957a66c9cfe7",
              "isHook": false,
              "skipped": false
            },
            {
              "title": "LoginTC_002, Verify error message for incorrect password",
              "fullTitle": "Login Page 10 LoginTC_002, Verify error message for incorrect password",
              "timedOut": null,
              "duration": 21596,
              "state": "passed",
              "speed": "slow",
              "pass": true,
              "fail": false,
              "pending": false,
              "context": "{\n  \"title\": \"cypress-mochawesome-reporter-videos-passed\",\n  \"value\": \"cypress/e2e/LoginPage/LoginPage10.cy.js\"\n}",
              "code": "cy.get('input[name=\"username\"]').type(\"1010\");\ncy.get('input[name=\"password\"]').type(\"1010ahh\");\ncy.contains('button', 'Submit').click(); // Click the submit button\ncy.wait('@loginRequest') // Wait for the request to complete\n.its('response.statusCode').should('eq', 401); // Assert response status\ncy.contains(/incorrect username or password/i);",
              "err": {},
              "uuid": "ec727092-dd45-46e0-b1dc-a767a631b8ca",
              "parentUUID": "06902fc7-3d46-4197-b1f8-957a66c9cfe7",
              "isHook": false,
              "skipped": false
            },
            {
              "title": "LoginTC_003, Verify error message for incorrect password",
              "fullTitle": "Login Page 10 LoginTC_003, Verify error message for incorrect password",
              "timedOut": null,
              "duration": 12394,
              "state": "failed",
              "speed": null,
              "pass": false,
              "fail": true,
              "pending": false,
              "context": "[\n  {\n    \"title\": \"cypress-mochawesome-reporter-videos-failed\",\n    \"value\": \"cypress/e2e/LoginPage/LoginPage10.cy.js\"\n  },\n  {\n    \"title\": \"cypress-mochawesome-reporter-screenshots\",\n    \"value\": [\n      [\n        \"/LoginPage10.cy.js/Login Page 10 -- LoginTC_003, Verify error message for incorrect password -- before each hook (failed).png\"\n      ]\n    ]\n  }\n]",
              "code": "cy.get('input[name=\"username\"]').type(\"no user\");\ncy.get('input[name=\"password\"]').type(\"no pass\");\ncy.contains('button', 'Submit').click(); // Click the submit button\ncy.wait('@loginRequest') // Wait for the request to complete\n.its('response.statusCode').should('eq', 401); // Assert response status\ncy.contains(/incorrect username or password/i);",
              "err": {
                "message": "AssertionError: Timed out retrying after 4000ms: Expected to find content: '/login/i' but never did.\n\nBecause this error occurred during a `before each` hook we are skipping the remaining tests in the current suite: `Login Page 10`",
                "estack": "AssertionError: Timed out retrying after 4000ms: Expected to find content: '/login/i' but never did.\n\nBecause this error occurred during a `before each` hook we are skipping the remaining tests in the current suite: `Login Page 10`\n    at Context.eval (webpack://cypress-project/./cypress/e2e/LoginPage/LoginPage10.cy.js:5:7)",
                "diff": null
              },
              "uuid": "7a66f186-a432-4861-9d39-cc2bda2c5065",
              "parentUUID": "06902fc7-3d46-4197-b1f8-957a66c9cfe7",
              "isHook": false,
              "skipped": false
            },
            {
              "title": "LoginTC_004, Verify login with empty username/password fields",
              "fullTitle": "Login Page 10 LoginTC_004, Verify login with empty username/password fields",
              "timedOut": null,
              "duration": 0,
              "state": "skipped",
              "speed": null,
              "pass": false,
              "fail": false,
              "pending": false,
              "context": null,
              "code": "cy.get('button').should('be.disabled');",
              "err": {},
              "uuid": "b5e9ac00-e61a-4d69-addd-121514f660d6",
              "parentUUID": "06902fc7-3d46-4197-b1f8-957a66c9cfe7",
              "isHook": false,
              "skipped": true
            }
          ],
          "suites": [],
          "passes": [
            "ec727092-dd45-46e0-b1dc-a767a631b8ca"
          ],
          "failures": [
            "b1bf075a-eac8-4bce-891c-5311948e8b84",
            "7a66f186-a432-4861-9d39-cc2bda2c5065"
          ],
          "pending": [],
          "skipped": [
            "b5e9ac00-e61a-4d69-addd-121514f660d6"
          ],
          "duration": 81095,
          "root": false,
          "rootEmpty": false,
          "_timeout": 2000
        }
      ],
      "passes": [],
      "failures": [],
      "pending": [],
      "skipped": [],
      "duration": 0,
      "root": true,
      "rootEmpty": true,
      "_timeout": 2000
    }
  ],
  "meta": {
    "mocha": {
      "version": "7.2.0"
    },
    "mochawesome": {
      "options": {
        "quiet": false,
        "reportFilename": "mochawesome",
        "saveHtml": false,
        "saveJson": true,
        "consoleReporter": "spec",
        "useInlineDiffs": false,
        "code": true
      },
      "version": "7.1.3"
    },
    "marge": {
      "options": {
        "id": "default",
        "cypressParallel": "true",
        "overwrite": false,
        "html": false,
        "json": true,
        "reportDir": "cypress/reports/html/.jsons"
      },
      "version": "6.2.0"
    }
  }
}