{
  "stats": {
    "suites": 1,
    "tests": 8,
    "passes": 6,
    "pending": 0,
    "failures": 2,
    "start": "2025-04-22T14:44:30.011Z",
    "end": "2025-04-22T14:47:28.371Z",
    "duration": 178360,
    "testsRegistered": 8,
    "passPercent": 75,
    "pendingPercent": 0,
    "other": 0,
    "hasOther": false,
    "skipped": 0,
    "hasSkipped": false
  },
  "results": [
    {
      "uuid": "3e42c393-bc0e-4fe5-bd67-fb00fec52c82",
      "title": "",
      "fullFile": "cypress/e2e/LoginPage18.cy.js",
      "file": "cypress/e2e/LoginPage18.cy.js",
      "beforeHooks": [],
      "afterHooks": [],
      "tests": [],
      "suites": [
        {
          "uuid": "c931d7f6-2670-4569-a9d3-e41e0af187c3",
          "title": "Login Page 18",
          "fullFile": "",
          "file": "",
          "beforeHooks": [],
          "afterHooks": [],
          "tests": [
            {
              "title": "LoginTC_001, Verify successful login with valid credentials",
              "fullTitle": "Login Page 18 LoginTC_001, Verify successful login with valid credentials",
              "timedOut": null,
              "duration": 36900,
              "state": "passed",
              "speed": "slow",
              "pass": true,
              "fail": false,
              "pending": false,
              "context": null,
              "code": "cy.get('input[name=\"username\"]').type(\"1018\");\ncy.get('input[name=\"password\"]').type(\"1018us\");\ncy.contains('button', 'Submit').click(); // Click the submit button\ncy.wait('@loginRequest') // Wait for the request to complete\n.its('response.statusCode').should('eq', 200); // Assert response status\ncy.contains(/courses/i).should('exist');",
              "err": {},
              "uuid": "14ed1c29-3406-4a9c-b4ac-9ab7be8493ed",
              "parentUUID": "c931d7f6-2670-4569-a9d3-e41e0af187c3",
              "isHook": false,
              "skipped": false
            },
            {
              "title": "LoginTC_002, Verify error message for incorrect password",
              "fullTitle": "Login Page 18 LoginTC_002, Verify error message for incorrect password",
              "timedOut": null,
              "duration": 10200,
              "state": "passed",
              "speed": "slow",
              "pass": true,
              "fail": false,
              "pending": false,
              "context": null,
              "code": "cy.get('input[name=\"username\"]').type(\"1018\");\ncy.get('input[name=\"password\"]').type(\"1018ahh\");\ncy.contains('button', 'Submit').click(); // Click the submit button\ncy.wait('@loginRequest') // Wait for the request to complete\n.its('response.statusCode').should('eq', 401); // Assert response status\ncy.contains(/incorrect username or password/i);",
              "err": {},
              "uuid": "946dac83-5b28-443f-a260-4f088f86520c",
              "parentUUID": "c931d7f6-2670-4569-a9d3-e41e0af187c3",
              "isHook": false,
              "skipped": false
            },
            {
              "title": "LoginTC_003, Verify error message for incorrect password",
              "fullTitle": "Login Page 18 LoginTC_003, Verify error message for incorrect password",
              "timedOut": null,
              "duration": 7927,
              "state": "passed",
              "speed": "medium",
              "pass": true,
              "fail": false,
              "pending": false,
              "context": null,
              "code": "cy.get('input[name=\"username\"]').type(\"no user\");\ncy.get('input[name=\"password\"]').type(\"no pass\");\ncy.contains('button', 'Submit').click(); // Click the submit button\ncy.wait('@loginRequest') // Wait for the request to complete\n.its('response.statusCode').should('eq', 401); // Assert response status\ncy.contains(/incorrect username or password/i);",
              "err": {},
              "uuid": "b67bb5c9-3812-4095-8177-f37a7ae7045c",
              "parentUUID": "c931d7f6-2670-4569-a9d3-e41e0af187c3",
              "isHook": false,
              "skipped": false
            },
            {
              "title": "LoginTC_004, Verify login with empty username/password fields",
              "fullTitle": "Login Page 18 LoginTC_004, Verify login with empty username/password fields",
              "timedOut": null,
              "duration": 4991,
              "state": "passed",
              "speed": "fast",
              "pass": true,
              "fail": false,
              "pending": false,
              "context": null,
              "code": "cy.get('button').should('be.disabled');",
              "err": {},
              "uuid": "e0ca83b4-daf2-4252-8b5e-964524523c89",
              "parentUUID": "c931d7f6-2670-4569-a9d3-e41e0af187c3",
              "isHook": false,
              "skipped": false
            },
            {
              "title": "CoursesTC_004, Verify Resource button for each course, chapter and for each document is working",
              "fullTitle": "Login Page 18 CoursesTC_004, Verify Resource button for each course, chapter and for each document is working",
              "timedOut": null,
              "duration": 14227,
              "state": "failed",
              "speed": null,
              "pass": false,
              "fail": true,
              "pending": false,
              "context": "{\n  \"title\": \"cypress-mochawesome-reporter-screenshots\",\n  \"value\": [\n    [\n      \"/LoginPage18.cy.js/Login Page 18 -- CoursesTC_004, Verify Resource button for each course, chapter and for each document is working (failed).png\"\n    ]\n  ]\n}",
              "code": "cy.get('input[name=\"username\"]').type(\"100064692\");\ncy.get('input[name=\"password\"]').type(\"100064692ab\");\ncy.contains('button', 'Submit').click(); // Click the submit button\ncy.wait('@loginRequest') // Wait for the request to complete\n.its('response.statusCode').should('eq', 200); // Assert response status\ncy.contains(/courses/i).should('exist');\ncy.get('a[href=\"/student/courses/2\"]').click();\ncy.get('h4').contains(\"Operating Systems\").should('exist');\ncy.get('.css-69i1ev button').click();\ncy.get(\".css-1l5fc5h li\").last().should('contain.text', 'Give me the summary of this resource');\ncy.get(\".css-105tbcy li:first-child .css-uwug0d\").click();\ncy.get(\".css-1l5fc5h li\").last().should('contain.text', 'Give me the summary of this resource');\ncy.get(\"#panel1-header\").click();\ncy.get(\".css-1cbf1l2 button\").click();\ncy.get(\".css-1l5fc5h li\").last().should('contain.text', 'Give me the summary of this resource');",
              "err": {
                "message": "AssertionError: Timed out retrying after 4000ms: Expected to find element: `a[href=\"/student/courses/2\"]`, but never found it.",
                "estack": "AssertionError: Timed out retrying after 4000ms: Expected to find element: `a[href=\"/student/courses/2\"]`, but never found it.\n    at Context.eval (webpack://cypress-project/./cypress/e2e/LoginPage18.cy.js:61:7)",
                "diff": null
              },
              "uuid": "5cffbc15-f38d-49f2-8bc1-818a5abb5d6e",
              "parentUUID": "c931d7f6-2670-4569-a9d3-e41e0af187c3",
              "isHook": false,
              "skipped": false
            },
            {
              "title": "CoursesTC_005, Verify Stard Session and End Session are working",
              "fullTitle": "Login Page 18 CoursesTC_005, Verify Stard Session and End Session are working",
              "timedOut": null,
              "duration": 21547,
              "state": "failed",
              "speed": null,
              "pass": false,
              "fail": true,
              "pending": false,
              "context": "{\n  \"title\": \"cypress-mochawesome-reporter-screenshots\",\n  \"value\": [\n    [\n      \"/LoginPage18.cy.js/Login Page 18 -- CoursesTC_005, Verify Stard Session and End Session are working (failed).png\"\n    ]\n  ]\n}",
              "code": "cy.get('input[name=\"username\"]').type(\"1018\");\ncy.get('input[name=\"password\"]').type(\"1018us\");\ncy.contains('button', 'Submit').click(); // Click the submit button\ncy.wait('@loginRequest') // Wait for the request to complete\n.its('response.statusCode').should('eq', 200); // Assert response status\ncy.contains(/courses/i).should('exist');\ncy.get('a[href=\"/student/courses/2\"]').click();\ncy.get('h4').contains(\"Operating Systems\").should('exist');\ncy.get(\".css-qsg04 .css-yd8sa2 div[aria-label^='Start Session']\").should('exist');\ncy.get(\".css-qsg04 .css-yd8sa2 div[aria-label^='Interrupt']\").should('have.attr', 'aria-disabled', 'true');\ncy.get(\".css-qsg04 .css-yd8sa2 button[aria-label^='Hold to Start Recording']\").should('be.disabled');\ncy.get(\".css-qsg04 .css-yd8sa2 div[aria-label^='Start Session']\").click();\ncy.wait('@streamingStart', {\n  timeout: 40000\n}).then(interception => {\n  if (interception.response.statusCode === 200) {\n    // If the request is successful, check if \"End session\" exists\n    cy.get('div[aria-label^=\"End Session\"]', {\n      timeout: 25000\n    }).should('exist');\n    cy.get(\".css-qsg04 .css-yd8sa2 div[aria-label^='Interrupt']\").should('not.be.disabled');\n    cy.get(\".css-qsg04 .css-yd8sa2 button[aria-label^='Hold to Start Recording']\").should('not.be.disabled');\n    //  cy.get('div').contains('Starting Avatar Took too long, please try again!').should('not.exist')\n  } else {\n    // If the request fails, check that \"End session\" does NOT exist\n    cy.get('div[aria-label^=\"End Session\"]', {\n      timeout: 25000\n    }).should('not.exist');\n    //  cy.get('div').contains('Starting Avatar Took too long, please try again!').should('exist')\n  }\n});\ncy.get('.css-qsg04 .css-yd8sa2 div[aria-label^=\"End Session\"]').click();\ncy.get(\".css-qsg04 .css-yd8sa2 div[aria-label^='Start Session']\").should('exist');\ncy.get(\".css-qsg04 .css-yd8sa2 div[aria-label^='Interrupt']\").should('have.attr', 'aria-disabled', 'true');\ncy.get(\".css-qsg04 .css-yd8sa2 button[aria-label^='Hold to Start Recording']\").should('be.disabled');",
              "err": {
                "message": "AssertionError: Timed out retrying after 4000ms: Expected to find content: 'Operating Systems' within the element: <h4.MuiTypography-root.MuiTypography-h4.css-16tclst> but never did.",
                "estack": "AssertionError: Timed out retrying after 4000ms: Expected to find content: 'Operating Systems' within the element: <h4.MuiTypography-root.MuiTypography-h4.css-16tclst> but never did.\n    at Context.eval (webpack://cypress-project/./cypress/e2e/LoginPage18.cy.js:89:47)",
                "diff": null
              },
              "uuid": "761a5d9c-73e7-4852-91ba-867edeaec8fa",
              "parentUUID": "c931d7f6-2670-4569-a9d3-e41e0af187c3",
              "isHook": false,
              "skipped": false
            },
            {
              "title": "CoursesTC_006, Verify Record from the input is working",
              "fullTitle": "Login Page 18 CoursesTC_006, Verify Record from the input is working",
              "timedOut": null,
              "duration": 20282,
              "state": "passed",
              "speed": "slow",
              "pass": true,
              "fail": false,
              "pending": false,
              "context": null,
              "code": "cy.get('input[name=\"username\"]').type(\"1018\");\ncy.get('input[name=\"password\"]').type(\"1018us\");\ncy.contains('button', 'Submit').click(); // Click the submit button\ncy.wait('@loginRequest') // Wait for the request to complete\n.its('response.statusCode').should('eq', 200); // Assert response status\ncy.contains(/courses/i).should('exist');\ncy.get('a[href=\"/student/courses/2\"]').click();\ncy.get('h4').contains(\"Operating Systems\").should('exist');\ncy.get('.css-y42r8g').trigger('mousedown');\ncy.get('.css-y42r8g').should('have.class', 'active');\ncy.get('.css-y42r8g').trigger('mouseup');\ncy.get('.css-y42r8g').should('not.have.class', 'active');",
              "err": {},
              "uuid": "575b4347-36e0-43fd-8f4f-8ecda05cfa95",
              "parentUUID": "c931d7f6-2670-4569-a9d3-e41e0af187c3",
              "isHook": false,
              "skipped": false
            },
            {
              "title": "CoursesTC_007, Verify Record from Avatar is working",
              "fullTitle": "Login Page 18 CoursesTC_007, Verify Record from Avatar is working",
              "timedOut": null,
              "duration": 55616,
              "state": "passed",
              "speed": "slow",
              "pass": true,
              "fail": false,
              "pending": false,
              "context": null,
              "code": "cy.get('input[name=\"username\"]').type(\"1018\");\ncy.get('input[name=\"password\"]').type(\"1018us\");\ncy.contains('button', 'Submit').click(); // Click the submit button\ncy.wait('@loginRequest') // Wait for the request to complete\n.its('response.statusCode').should('eq', 200); // Assert response status\ncy.contains(/courses/i).should('exist');\ncy.get('a[href=\"/student/courses/2\"]').click();\ncy.get('h4').contains(\"Operating Systems\").should('exist');\ncy.get(\".css-qsg04 .css-yd8sa2 div[aria-label^='Start Session']\").should('exist');\ncy.get(\".css-qsg04 .css-yd8sa2 div[aria-label^='Interrupt']\").should('have.attr', 'aria-disabled', 'true');\ncy.get(\".css-qsg04 .css-yd8sa2 button[aria-label^='Hold to Start Recording']\").should('be.disabled');\ncy.get(\".css-qsg04 .css-yd8sa2 div[aria-label^='Start Session']\").click();\ncy.wait('@streamingStart', {\n  timeout: 40000\n}).then(interception => {\n  if (interception.response.statusCode === 200) {\n    // If the request is successful, check if \"End session\" exists\n    cy.get('div[aria-label^=\"End Session\"]', {\n      timeout: 25000\n    }).should('exist');\n    cy.get(\".css-qsg04 .css-yd8sa2 div[aria-label^='Interrupt']\").should('not.be.disabled');\n    cy.get(\".css-qsg04 .css-yd8sa2 button[aria-label^='Hold to Start Recording']\").should('not.be.disabled');\n    //  cy.get('div').contains('Starting Avatar Took too long, please try again!').should('not.exist')\n  } else {\n    // If the request fails, check that \"End session\" does NOT exist\n    cy.get('div[aria-label^=\"End Session\"]', {\n      timeout: 25000\n    }).should('not.exist');\n    //  cy.get('div').contains('Starting Avatar Took too long, please try again!').should('exist')\n  }\n});\ncy.get(\".css-qsg04 .css-yd8sa2 > button\").first().trigger('mousedown');\ncy.get(\".css-qsg04 .css-yd8sa2 > button\").first().should('not.be.disabled');\ncy.get(\".css-qsg04 .css-yd8sa2 button[aria-label^='Release to Stop Recording']\").should('exist');\ncy.get('.css-plk6wi video').should('have.css', 'outline', 'rgb(255, 193, 7) solid 5px');\ncy.get(\".css-qsg04 .css-yd8sa2 > button\").first().trigger('mouseup');\ncy.get(\".css-qsg04 .css-yd8sa2 > button\").first().should('not.have.attr', 'active');\ncy.get('.css-plk6wi video').should('not.have.css', 'outline', 'rgb(255, 193, 7) solid 5px');\ncy.get('.css-qsg04 .css-yd8sa2 div[aria-label^=\"End Session\"]').click();",
              "err": {},
              "uuid": "89e2aa2a-ac3f-42fe-bac4-ca2d88597feb",
              "parentUUID": "c931d7f6-2670-4569-a9d3-e41e0af187c3",
              "isHook": false,
              "skipped": false
            }
          ],
          "suites": [],
          "passes": [
            "14ed1c29-3406-4a9c-b4ac-9ab7be8493ed",
            "946dac83-5b28-443f-a260-4f088f86520c",
            "b67bb5c9-3812-4095-8177-f37a7ae7045c",
            "e0ca83b4-daf2-4252-8b5e-964524523c89",
            "575b4347-36e0-43fd-8f4f-8ecda05cfa95",
            "89e2aa2a-ac3f-42fe-bac4-ca2d88597feb"
          ],
          "failures": [
            "5cffbc15-f38d-49f2-8bc1-818a5abb5d6e",
            "761a5d9c-73e7-4852-91ba-867edeaec8fa"
          ],
          "pending": [],
          "skipped": [],
          "duration": 171690,
          "root": false,
          "rootEmpty": false,
          "_timeout": 2000
        }
      ],
      "passes": [],
      "failures": [],
      "pending": [],
      "skipped": [],
      "duration": 0,
      "root": true,
      "rootEmpty": true,
      "_timeout": 2000
    }
  ],
  "meta": {
    "mocha": {
      "version": "7.0.1"
    },
    "mochawesome": {
      "options": {
        "quiet": false,
        "reportFilename": "mochawesome",
        "saveHtml": false,
        "saveJson": true,
        "consoleReporter": "spec",
        "useInlineDiffs": false,
        "code": true
      },
      "version": "7.1.3"
    },
    "marge": {
      "options": {
        "id": "default",
        "cypressParallel": "true",
        "overwrite": false,
        "html": false,
        "json": true,
        "reportDir": "cypress/reports/html/.jsons"
      },
      "version": "6.2.0"
    }
  }
}