{
  "stats": {
    "suites": 1,
    "tests": 1,
    "passes": 0,
    "pending": 0,
    "failures": 1,
    "start": "2025-04-23T14:07:59.924Z",
    "end": "2025-04-23T14:08:43.340Z",
    "duration": 43416,
    "testsRegistered": 4,
    "passPercent": 0,
    "pendingPercent": 0,
    "other": 0,
    "hasOther": false,
    "skipped": 3,
    "hasSkipped": true
  },
  "results": [
    {
      "uuid": "cd877f95-66f9-46fb-acea-408a621733dd",
      "title": "",
      "fullFile": "cypress/e2e/LoginPage/LoginPage15.cy.js",
      "file": "cypress/e2e/LoginPage/LoginPage15.cy.js",
      "beforeHooks": [],
      "afterHooks": [],
      "tests": [],
      "suites": [
        {
          "uuid": "881f0905-4291-4580-be23-06da67a58bd1",
          "title": "Login Page 15",
          "fullFile": "",
          "file": "",
          "beforeHooks": [],
          "afterHooks": [],
          "tests": [
            {
              "title": "LoginTC_001, Verify successful login with valid credentials",
              "fullTitle": "Login Page 15 LoginTC_001, Verify successful login with valid credentials",
              "timedOut": null,
              "duration": 41682,
              "state": "failed",
              "speed": null,
              "pass": false,
              "fail": true,
              "pending": false,
              "context": "[\n  {\n    \"title\": \"cypress-mochawesome-reporter-videos-failed\",\n    \"value\": \"cypress/e2e/LoginPage/LoginPage15.cy.js\"\n  },\n  {\n    \"title\": \"cypress-mochawesome-reporter-screenshots\",\n    \"value\": [\n      [\n        \"/LoginPage15.cy.js/Login Page 15 -- LoginTC_001, Verify successful login with valid credentials -- before each hook (failed).png\"\n      ]\n    ]\n  }\n]",
              "code": "cy.get('input[name=\"username\"]').type(\"1015\");\ncy.get('input[name=\"password\"]').type(\"1015us\");\ncy.contains('button', 'Submit').click(); // Click the submit button\ncy.wait('@loginRequest') // Wait for the request to complete\n.its('response.statusCode').should('eq', 200); // Assert response status\ncy.wait(2000);\ncy.contains(/courses/i).should('exist');",
              "err": {
                "message": "AssertionError: Timed out retrying after 4000ms: Expected to find content: '/login/i' but never did.\n\nBecause this error occurred during a `before each` hook we are skipping the remaining tests in the current suite: `Login Page 15`",
                "estack": "AssertionError: Timed out retrying after 4000ms: Expected to find content: '/login/i' but never did.\n\nBecause this error occurred during a `before each` hook we are skipping the remaining tests in the current suite: `Login Page 15`\n    at Context.eval (webpack://cypress-project/./cypress/e2e/LoginPage/LoginPage15.cy.js:5:7)",
                "diff": null
              },
              "uuid": "94335a40-d63b-4183-842c-3b84edabb77d",
              "parentUUID": "881f0905-4291-4580-be23-06da67a58bd1",
              "isHook": false,
              "skipped": false
            },
            {
              "title": "LoginTC_002, Verify error message for incorrect password",
              "fullTitle": "Login Page 15 LoginTC_002, Verify error message for incorrect password",
              "timedOut": null,
              "duration": 0,
              "state": "skipped",
              "speed": null,
              "pass": false,
              "fail": false,
              "pending": false,
              "context": null,
              "code": "cy.get('input[name=\"username\"]').type(\"1015\");\ncy.get('input[name=\"password\"]').type(\"1015ahh\");\ncy.contains('button', 'Submit').click(); // Click the submit button\ncy.wait('@loginRequest') // Wait for the request to complete\n.its('response.statusCode').should('eq', 401); // Assert response status\ncy.contains(/incorrect username or password/i);",
              "err": {},
              "uuid": "f611b887-0ba5-4a08-8720-54c979dfe8eb",
              "parentUUID": "881f0905-4291-4580-be23-06da67a58bd1",
              "isHook": false,
              "skipped": true
            },
            {
              "title": "LoginTC_003, Verify error message for incorrect password",
              "fullTitle": "Login Page 15 LoginTC_003, Verify error message for incorrect password",
              "timedOut": null,
              "duration": 0,
              "state": "skipped",
              "speed": null,
              "pass": false,
              "fail": false,
              "pending": false,
              "context": null,
              "code": "cy.get('input[name=\"username\"]').type(\"no user\");\ncy.get('input[name=\"password\"]').type(\"no pass\");\ncy.contains('button', 'Submit').click(); // Click the submit button\ncy.wait('@loginRequest') // Wait for the request to complete\n.its('response.statusCode').should('eq', 401); // Assert response status\ncy.contains(/incorrect username or password/i);",
              "err": {},
              "uuid": "b1c5096d-f43d-4e85-8850-3f4f33c27a63",
              "parentUUID": "881f0905-4291-4580-be23-06da67a58bd1",
              "isHook": false,
              "skipped": true
            },
            {
              "title": "LoginTC_004, Verify login with empty username/password fields",
              "fullTitle": "Login Page 15 LoginTC_004, Verify login with empty username/password fields",
              "timedOut": null,
              "duration": 0,
              "state": "skipped",
              "speed": null,
              "pass": false,
              "fail": false,
              "pending": false,
              "context": null,
              "code": "cy.get('button').should('be.disabled');",
              "err": {},
              "uuid": "cec77af1-8e1e-4f7d-9049-a27313cfe1c9",
              "parentUUID": "881f0905-4291-4580-be23-06da67a58bd1",
              "isHook": false,
              "skipped": true
            }
          ],
          "suites": [],
          "passes": [],
          "failures": [
            "94335a40-d63b-4183-842c-3b84edabb77d"
          ],
          "pending": [],
          "skipped": [
            "f611b887-0ba5-4a08-8720-54c979dfe8eb",
            "b1c5096d-f43d-4e85-8850-3f4f33c27a63",
            "cec77af1-8e1e-4f7d-9049-a27313cfe1c9"
          ],
          "duration": 41682,
          "root": false,
          "rootEmpty": false,
          "_timeout": 2000
        }
      ],
      "passes": [],
      "failures": [],
      "pending": [],
      "skipped": [],
      "duration": 0,
      "root": true,
      "rootEmpty": true,
      "_timeout": 2000
    }
  ],
  "meta": {
    "mocha": {
      "version": "7.2.0"
    },
    "mochawesome": {
      "options": {
        "quiet": false,
        "reportFilename": "mochawesome",
        "saveHtml": false,
        "saveJson": true,
        "consoleReporter": "spec",
        "useInlineDiffs": false,
        "code": true
      },
      "version": "7.1.3"
    },
    "marge": {
      "options": {
        "id": "default",
        "cypressParallel": "true",
        "overwrite": false,
        "html": false,
        "json": true,
        "reportDir": "cypress/reports/html/.jsons"
      },
      "version": "6.2.0"
    }
  }
}