{
  "stats": {
    "suites": 1,
    "tests": 8,
    "passes": 7,
    "pending": 0,
    "failures": 1,
    "start": "2025-04-22T14:44:22.283Z",
    "end": "2025-04-22T14:46:55.014Z",
    "duration": 152731,
    "testsRegistered": 8,
    "passPercent": 87.5,
    "pendingPercent": 0,
    "other": 0,
    "hasOther": false,
    "skipped": 0,
    "hasSkipped": false
  },
  "results": [
    {
      "uuid": "0bb343ba-55ba-41f3-95fc-62530e511671",
      "title": "",
      "fullFile": "cypress/e2e/LoginPage17.cy.js",
      "file": "cypress/e2e/LoginPage17.cy.js",
      "beforeHooks": [],
      "afterHooks": [],
      "tests": [],
      "suites": [
        {
          "uuid": "f8270949-a885-4571-9735-8ac3f95c82a0",
          "title": "Login Page 17",
          "fullFile": "",
          "file": "",
          "beforeHooks": [],
          "afterHooks": [],
          "tests": [
            {
              "title": "LoginTC_001, Verify successful login with valid credentials",
              "fullTitle": "Login Page 17 LoginTC_001, Verify successful login with valid credentials",
              "timedOut": null,
              "duration": 37855,
              "state": "passed",
              "speed": "slow",
              "pass": true,
              "fail": false,
              "pending": false,
              "context": null,
              "code": "cy.get('input[name=\"username\"]').type(\"1017\");\ncy.get('input[name=\"password\"]').type(\"1017us\");\ncy.contains('button', 'Submit').click(); // Click the submit button\ncy.wait('@loginRequest') // Wait for the request to complete\n.its('response.statusCode').should('eq', 200); // Assert response status\ncy.contains(/courses/i).should('exist');",
              "err": {},
              "uuid": "913082cc-c06c-48ea-81bf-2d487ee713c1",
              "parentUUID": "f8270949-a885-4571-9735-8ac3f95c82a0",
              "isHook": false,
              "skipped": false
            },
            {
              "title": "LoginTC_002, Verify error message for incorrect password",
              "fullTitle": "Login Page 17 LoginTC_002, Verify error message for incorrect password",
              "timedOut": null,
              "duration": 12318,
              "state": "passed",
              "speed": "slow",
              "pass": true,
              "fail": false,
              "pending": false,
              "context": null,
              "code": "cy.get('input[name=\"username\"]').type(\"1017\");\ncy.get('input[name=\"password\"]').type(\"1017ahh\");\ncy.contains('button', 'Submit').click(); // Click the submit button\ncy.wait('@loginRequest') // Wait for the request to complete\n.its('response.statusCode').should('eq', 401); // Assert response status\ncy.contains(/incorrect username or password/i);",
              "err": {},
              "uuid": "bb9933ed-5717-4512-8f50-f3bbcf02f29b",
              "parentUUID": "f8270949-a885-4571-9735-8ac3f95c82a0",
              "isHook": false,
              "skipped": false
            },
            {
              "title": "LoginTC_003, Verify error message for incorrect password",
              "fullTitle": "Login Page 17 LoginTC_003, Verify error message for incorrect password",
              "timedOut": null,
              "duration": 7872,
              "state": "passed",
              "speed": "medium",
              "pass": true,
              "fail": false,
              "pending": false,
              "context": null,
              "code": "cy.get('input[name=\"username\"]').type(\"no user\");\ncy.get('input[name=\"password\"]').type(\"no pass\");\ncy.contains('button', 'Submit').click(); // Click the submit button\ncy.wait('@loginRequest') // Wait for the request to complete\n.its('response.statusCode').should('eq', 401); // Assert response status\ncy.contains(/incorrect username or password/i);",
              "err": {},
              "uuid": "9fbf433f-16e5-4901-87b9-28ec6b738702",
              "parentUUID": "f8270949-a885-4571-9735-8ac3f95c82a0",
              "isHook": false,
              "skipped": false
            },
            {
              "title": "LoginTC_004, Verify login with empty username/password fields",
              "fullTitle": "Login Page 17 LoginTC_004, Verify login with empty username/password fields",
              "timedOut": null,
              "duration": 4619,
              "state": "passed",
              "speed": "fast",
              "pass": true,
              "fail": false,
              "pending": false,
              "context": null,
              "code": "cy.get('button').should('be.disabled');",
              "err": {},
              "uuid": "745bea4d-4639-4223-9474-22de75bea864",
              "parentUUID": "f8270949-a885-4571-9735-8ac3f95c82a0",
              "isHook": false,
              "skipped": false
            },
            {
              "title": "CoursesTC_004, Verify Resource button for each course, chapter and for each document is working",
              "fullTitle": "Login Page 17 CoursesTC_004, Verify Resource button for each course, chapter and for each document is working",
              "timedOut": null,
              "duration": 14582,
              "state": "failed",
              "speed": null,
              "pass": false,
              "fail": true,
              "pending": false,
              "context": "{\n  \"title\": \"cypress-mochawesome-reporter-screenshots\",\n  \"value\": [\n    [\n      \"/LoginPage17.cy.js/Login Page 17 -- CoursesTC_004, Verify Resource button for each course, chapter and for each document is working (failed).png\"\n    ]\n  ]\n}",
              "code": "cy.get('input[name=\"username\"]').type(\"100064692\");\ncy.get('input[name=\"password\"]').type(\"100064692ab\");\ncy.contains('button', 'Submit').click(); // Click the submit button\ncy.wait('@loginRequest') // Wait for the request to complete\n.its('response.statusCode').should('eq', 200); // Assert response status\ncy.contains(/courses/i).should('exist');\ncy.get('a[href=\"/student/courses/2\"]').click();\ncy.get('h4').contains(\"Operating Systems\").should('exist');\ncy.get('.css-69i1ev button').click();\ncy.get(\".css-1l5fc5h li\").last().should('contain.text', 'Give me the summary of this resource');\ncy.get(\".css-105tbcy li:first-child .css-uwug0d\").click();\ncy.get(\".css-1l5fc5h li\").last().should('contain.text', 'Give me the summary of this resource');\ncy.get(\"#panel1-header\").click();\ncy.get(\".css-1cbf1l2 button\").click();\ncy.get(\".css-1l5fc5h li\").last().should('contain.text', 'Give me the summary of this resource');",
              "err": {
                "message": "AssertionError: Timed out retrying after 4000ms: Expected to find element: `a[href=\"/student/courses/2\"]`, but never found it.",
                "estack": "AssertionError: Timed out retrying after 4000ms: Expected to find element: `a[href=\"/student/courses/2\"]`, but never found it.\n    at Context.eval (webpack://cypress-project/./cypress/e2e/LoginPage17.cy.js:61:7)",
                "diff": null
              },
              "uuid": "82a14ebb-cb83-47e2-99e4-3174f88fe5b6",
              "parentUUID": "f8270949-a885-4571-9735-8ac3f95c82a0",
              "isHook": false,
              "skipped": false
            },
            {
              "title": "CoursesTC_005, Verify Stard Session and End Session are working",
              "fullTitle": "Login Page 17 CoursesTC_005, Verify Stard Session and End Session are working",
              "timedOut": null,
              "duration": 35334,
              "state": "passed",
              "speed": "slow",
              "pass": true,
              "fail": false,
              "pending": false,
              "context": null,
              "code": "cy.get('input[name=\"username\"]').type(\"1017\");\ncy.get('input[name=\"password\"]').type(\"1017us\");\ncy.contains('button', 'Submit').click(); // Click the submit button\ncy.wait('@loginRequest') // Wait for the request to complete\n.its('response.statusCode').should('eq', 200); // Assert response status\ncy.contains(/courses/i).should('exist');\ncy.get('a[href=\"/student/courses/2\"]').click();\ncy.get('h4').contains(\"Operating Systems\").should('exist');\ncy.get(\".css-qsg04 .css-yd8sa2 div[aria-label^='Start Session']\").should('exist');\ncy.get(\".css-qsg04 .css-yd8sa2 div[aria-label^='Interrupt']\").should('have.attr', 'aria-disabled', 'true');\ncy.get(\".css-qsg04 .css-yd8sa2 button[aria-label^='Hold to Start Recording']\").should('be.disabled');\ncy.get(\".css-qsg04 .css-yd8sa2 div[aria-label^='Start Session']\").click();\ncy.wait('@streamingStart', {\n  timeout: 40000\n}).then(interception => {\n  if (interception.response.statusCode === 200) {\n    // If the request is successful, check if \"End session\" exists\n    cy.get('div[aria-label^=\"End Session\"]', {\n      timeout: 25000\n    }).should('exist');\n    cy.get(\".css-qsg04 .css-yd8sa2 div[aria-label^='Interrupt']\").should('not.be.disabled');\n    cy.get(\".css-qsg04 .css-yd8sa2 button[aria-label^='Hold to Start Recording']\").should('not.be.disabled');\n    //  cy.get('div').contains('Starting Avatar Took too long, please try again!').should('not.exist')\n  } else {\n    // If the request fails, check that \"End session\" does NOT exist\n    cy.get('div[aria-label^=\"End Session\"]', {\n      timeout: 25000\n    }).should('not.exist');\n    //  cy.get('div').contains('Starting Avatar Took too long, please try again!').should('exist')\n  }\n});\ncy.get('.css-qsg04 .css-yd8sa2 div[aria-label^=\"End Session\"]').click();\ncy.get(\".css-qsg04 .css-yd8sa2 div[aria-label^='Start Session']\").should('exist');\ncy.get(\".css-qsg04 .css-yd8sa2 div[aria-label^='Interrupt']\").should('have.attr', 'aria-disabled', 'true');\ncy.get(\".css-qsg04 .css-yd8sa2 button[aria-label^='Hold to Start Recording']\").should('be.disabled');",
              "err": {},
              "uuid": "71d1d015-c054-45d6-9ef6-f00da01e8b28",
              "parentUUID": "f8270949-a885-4571-9735-8ac3f95c82a0",
              "isHook": false,
              "skipped": false
            },
            {
              "title": "CoursesTC_006, Verify Record from the input is working",
              "fullTitle": "Login Page 17 CoursesTC_006, Verify Record from the input is working",
              "timedOut": null,
              "duration": 17185,
              "state": "passed",
              "speed": "slow",
              "pass": true,
              "fail": false,
              "pending": false,
              "context": null,
              "code": "cy.get('input[name=\"username\"]').type(\"1017\");\ncy.get('input[name=\"password\"]').type(\"1017us\");\ncy.contains('button', 'Submit').click(); // Click the submit button\ncy.wait('@loginRequest') // Wait for the request to complete\n.its('response.statusCode').should('eq', 200); // Assert response status\ncy.contains(/courses/i).should('exist');\ncy.get('a[href=\"/student/courses/2\"]').click();\ncy.get('h4').contains(\"Operating Systems\").should('exist');\ncy.get('.css-y42r8g').trigger('mousedown');\ncy.get('.css-y42r8g').should('have.class', 'active');\ncy.get('.css-y42r8g').trigger('mouseup');\ncy.get('.css-y42r8g').should('not.have.class', 'active');",
              "err": {},
              "uuid": "f59e6060-6d3a-42c5-b870-fc0bec115333",
              "parentUUID": "f8270949-a885-4571-9735-8ac3f95c82a0",
              "isHook": false,
              "skipped": false
            },
            {
              "title": "CoursesTC_007, Verify Record from Avatar is working",
              "fullTitle": "Login Page 17 CoursesTC_007, Verify Record from Avatar is working",
              "timedOut": null,
              "duration": 19267,
              "state": "passed",
              "speed": "slow",
              "pass": true,
              "fail": false,
              "pending": false,
              "context": null,
              "code": "cy.get('input[name=\"username\"]').type(\"1017\");\ncy.get('input[name=\"password\"]').type(\"1017us\");\ncy.contains('button', 'Submit').click(); // Click the submit button\ncy.wait('@loginRequest') // Wait for the request to complete\n.its('response.statusCode').should('eq', 200); // Assert response status\ncy.contains(/courses/i).should('exist');\ncy.get('a[href=\"/student/courses/2\"]').click();\ncy.get('h4').contains(\"Operating Systems\").should('exist');\ncy.get(\".css-qsg04 .css-yd8sa2 div[aria-label^='Start Session']\").should('exist');\ncy.get(\".css-qsg04 .css-yd8sa2 div[aria-label^='Interrupt']\").should('have.attr', 'aria-disabled', 'true');\ncy.get(\".css-qsg04 .css-yd8sa2 button[aria-label^='Hold to Start Recording']\").should('be.disabled');\ncy.get(\".css-qsg04 .css-yd8sa2 div[aria-label^='Start Session']\").click();\ncy.wait('@streamingStart', {\n  timeout: 40000\n}).then(interception => {\n  if (interception.response.statusCode === 200) {\n    // If the request is successful, check if \"End session\" exists\n    cy.get('div[aria-label^=\"End Session\"]', {\n      timeout: 25000\n    }).should('exist');\n    cy.get(\".css-qsg04 .css-yd8sa2 div[aria-label^='Interrupt']\").should('not.be.disabled');\n    cy.get(\".css-qsg04 .css-yd8sa2 button[aria-label^='Hold to Start Recording']\").should('not.be.disabled');\n    //  cy.get('div').contains('Starting Avatar Took too long, please try again!').should('not.exist')\n  } else {\n    // If the request fails, check that \"End session\" does NOT exist\n    cy.get('div[aria-label^=\"End Session\"]', {\n      timeout: 25000\n    }).should('not.exist');\n    //  cy.get('div').contains('Starting Avatar Took too long, please try again!').should('exist')\n  }\n});\ncy.get(\".css-qsg04 .css-yd8sa2 > button\").first().trigger('mousedown');\ncy.get(\".css-qsg04 .css-yd8sa2 > button\").first().should('not.be.disabled');\ncy.get(\".css-qsg04 .css-yd8sa2 button[aria-label^='Release to Stop Recording']\").should('exist');\ncy.get('.css-plk6wi video').should('have.css', 'outline', 'rgb(255, 193, 7) solid 5px');\ncy.get(\".css-qsg04 .css-yd8sa2 > button\").first().trigger('mouseup');\ncy.get(\".css-qsg04 .css-yd8sa2 > button\").first().should('not.have.attr', 'active');\ncy.get('.css-plk6wi video').should('not.have.css', 'outline', 'rgb(255, 193, 7) solid 5px');\ncy.get('.css-qsg04 .css-yd8sa2 div[aria-label^=\"End Session\"]').click();",
              "err": {},
              "uuid": "6265a929-54dd-4107-8955-61504cbc1d42",
              "parentUUID": "f8270949-a885-4571-9735-8ac3f95c82a0",
              "isHook": false,
              "skipped": false
            }
          ],
          "suites": [],
          "passes": [
            "913082cc-c06c-48ea-81bf-2d487ee713c1",
            "bb9933ed-5717-4512-8f50-f3bbcf02f29b",
            "9fbf433f-16e5-4901-87b9-28ec6b738702",
            "745bea4d-4639-4223-9474-22de75bea864",
            "71d1d015-c054-45d6-9ef6-f00da01e8b28",
            "f59e6060-6d3a-42c5-b870-fc0bec115333",
            "6265a929-54dd-4107-8955-61504cbc1d42"
          ],
          "failures": [
            "82a14ebb-cb83-47e2-99e4-3174f88fe5b6"
          ],
          "pending": [],
          "skipped": [],
          "duration": 149032,
          "root": false,
          "rootEmpty": false,
          "_timeout": 2000
        }
      ],
      "passes": [],
      "failures": [],
      "pending": [],
      "skipped": [],
      "duration": 0,
      "root": true,
      "rootEmpty": true,
      "_timeout": 2000
    }
  ],
  "meta": {
    "mocha": {
      "version": "7.0.1"
    },
    "mochawesome": {
      "options": {
        "quiet": false,
        "reportFilename": "mochawesome",
        "saveHtml": false,
        "saveJson": true,
        "consoleReporter": "spec",
        "useInlineDiffs": false,
        "code": true
      },
      "version": "7.1.3"
    },
    "marge": {
      "options": {
        "id": "default",
        "cypressParallel": "true",
        "overwrite": false,
        "html": false,
        "json": true,
        "reportDir": "cypress/reports/html/.jsons"
      },
      "version": "6.2.0"
    }
  }
}