{
  "stats": {
    "suites": 1,
    "tests": 4,
    "passes": 4,
    "pending": 0,
    "failures": 0,
    "start": "2025-04-23T14:07:39.412Z",
    "end": "2025-04-23T14:09:04.835Z",
    "duration": 85423,
    "testsRegistered": 4,
    "passPercent": 100,
    "pendingPercent": 0,
    "other": 0,
    "hasOther": false,
    "skipped": 0,
    "hasSkipped": false
  },
  "results": [
    {
      "uuid": "13d55abe-4f86-448d-acd4-1959678c933f",
      "title": "",
      "fullFile": "cypress/e2e/LoginPage/LoginPage12.cy.js",
      "file": "cypress/e2e/LoginPage/LoginPage12.cy.js",
      "beforeHooks": [],
      "afterHooks": [],
      "tests": [],
      "suites": [
        {
          "uuid": "8378f841-dad2-435e-a568-8f1fe9200ee9",
          "title": "Login Page 12",
          "fullFile": "",
          "file": "",
          "beforeHooks": [],
          "afterHooks": [],
          "tests": [
            {
              "title": "LoginTC_001, Verify successful login with valid credentials",
              "fullTitle": "Login Page 12 LoginTC_001, Verify successful login with valid credentials",
              "timedOut": null,
              "duration": 50118,
              "state": "passed",
              "speed": "slow",
              "pass": true,
              "fail": false,
              "pending": false,
              "context": "{\n  \"title\": \"cypress-mochawesome-reporter-videos-passed\",\n  \"value\": \"cypress/e2e/LoginPage/LoginPage12.cy.js\"\n}",
              "code": "cy.get('input[name=\"username\"]').type(\"1012\");\ncy.get('input[name=\"password\"]').type(\"1012us\");\ncy.contains('button', 'Submit').click(); // Click the submit button\ncy.wait('@loginRequest') // Wait for the request to complete\n.its('response.statusCode').should('eq', 200); // Assert response status\ncy.wait(2000);\ncy.contains(/courses/i).should('exist');",
              "err": {},
              "uuid": "d8391349-5357-426c-812d-42a82ad741bb",
              "parentUUID": "8378f841-dad2-435e-a568-8f1fe9200ee9",
              "isHook": false,
              "skipped": false
            },
            {
              "title": "LoginTC_002, Verify error message for incorrect password",
              "fullTitle": "Login Page 12 LoginTC_002, Verify error message for incorrect password",
              "timedOut": null,
              "duration": 15297,
              "state": "passed",
              "speed": "slow",
              "pass": true,
              "fail": false,
              "pending": false,
              "context": "{\n  \"title\": \"cypress-mochawesome-reporter-videos-passed\",\n  \"value\": \"cypress/e2e/LoginPage/LoginPage12.cy.js\"\n}",
              "code": "cy.get('input[name=\"username\"]').type(\"1012\");\ncy.get('input[name=\"password\"]').type(\"1012ahh\");\ncy.contains('button', 'Submit').click(); // Click the submit button\ncy.wait('@loginRequest') // Wait for the request to complete\n.its('response.statusCode').should('eq', 401); // Assert response status\ncy.contains(/incorrect username or password/i);",
              "err": {},
              "uuid": "a51669d0-7ebb-457f-9d6c-b7ca66e7a927",
              "parentUUID": "8378f841-dad2-435e-a568-8f1fe9200ee9",
              "isHook": false,
              "skipped": false
            },
            {
              "title": "LoginTC_003, Verify error message for incorrect password",
              "fullTitle": "Login Page 12 LoginTC_003, Verify error message for incorrect password",
              "timedOut": null,
              "duration": 10716,
              "state": "passed",
              "speed": "slow",
              "pass": true,
              "fail": false,
              "pending": false,
              "context": "{\n  \"title\": \"cypress-mochawesome-reporter-videos-passed\",\n  \"value\": \"cypress/e2e/LoginPage/LoginPage12.cy.js\"\n}",
              "code": "cy.get('input[name=\"username\"]').type(\"no user\");\ncy.get('input[name=\"password\"]').type(\"no pass\");\ncy.contains('button', 'Submit').click(); // Click the submit button\ncy.wait('@loginRequest') // Wait for the request to complete\n.its('response.statusCode').should('eq', 401); // Assert response status\ncy.contains(/incorrect username or password/i);",
              "err": {},
              "uuid": "4384d5a9-d9b6-4c39-ba9a-80cc0ae8d9b8",
              "parentUUID": "8378f841-dad2-435e-a568-8f1fe9200ee9",
              "isHook": false,
              "skipped": false
            },
            {
              "title": "LoginTC_004, Verify login with empty username/password fields",
              "fullTitle": "Login Page 12 LoginTC_004, Verify login with empty username/password fields",
              "timedOut": null,
              "duration": 5861,
              "state": "passed",
              "speed": "medium",
              "pass": true,
              "fail": false,
              "pending": false,
              "context": "{\n  \"title\": \"cypress-mochawesome-reporter-videos-passed\",\n  \"value\": \"cypress/e2e/LoginPage/LoginPage12.cy.js\"\n}",
              "code": "cy.get('button').should('be.disabled');",
              "err": {},
              "uuid": "dcc3ec6c-c0f9-4466-b600-acd6419e667e",
              "parentUUID": "8378f841-dad2-435e-a568-8f1fe9200ee9",
              "isHook": false,
              "skipped": false
            }
          ],
          "suites": [],
          "passes": [
            "d8391349-5357-426c-812d-42a82ad741bb",
            "a51669d0-7ebb-457f-9d6c-b7ca66e7a927",
            "4384d5a9-d9b6-4c39-ba9a-80cc0ae8d9b8",
            "dcc3ec6c-c0f9-4466-b600-acd6419e667e"
          ],
          "failures": [],
          "pending": [],
          "skipped": [],
          "duration": 81992,
          "root": false,
          "rootEmpty": false,
          "_timeout": 2000
        }
      ],
      "passes": [],
      "failures": [],
      "pending": [],
      "skipped": [],
      "duration": 0,
      "root": true,
      "rootEmpty": true,
      "_timeout": 2000
    }
  ],
  "meta": {
    "mocha": {
      "version": "7.2.0"
    },
    "mochawesome": {
      "options": {
        "quiet": false,
        "reportFilename": "mochawesome",
        "saveHtml": false,
        "saveJson": true,
        "consoleReporter": "spec",
        "useInlineDiffs": false,
        "code": true
      },
      "version": "7.1.3"
    },
    "marge": {
      "options": {
        "id": "default",
        "cypressParallel": "true",
        "overwrite": false,
        "html": false,
        "json": true,
        "reportDir": "cypress/reports/html/.jsons"
      },
      "version": "6.2.0"
    }
  }
}