{
  "stats": {
    "suites": 1,
    "tests": 4,
    "passes": 4,
    "pending": 0,
    "failures": 0,
    "start": "2025-04-23T14:08:18.389Z",
    "end": "2025-04-23T14:09:18.500Z",
    "duration": 60111,
    "testsRegistered": 4,
    "passPercent": 100,
    "pendingPercent": 0,
    "other": 0,
    "hasOther": false,
    "skipped": 0,
    "hasSkipped": false
  },
  "results": [
    {
      "uuid": "a5df1ff6-b272-44f2-aff1-3f05c7e16f88",
      "title": "",
      "fullFile": "cypress/e2e/LoginPage/LoginPage19.cy.js",
      "file": "cypress/e2e/LoginPage/LoginPage19.cy.js",
      "beforeHooks": [],
      "afterHooks": [],
      "tests": [],
      "suites": [
        {
          "uuid": "31dcb846-92fa-48d2-8d2b-99323d839564",
          "title": "Login Page 19",
          "fullFile": "",
          "file": "",
          "beforeHooks": [],
          "afterHooks": [],
          "tests": [
            {
              "title": "LoginTC_001, Verify successful login with valid credentials",
              "fullTitle": "Login Page 19 LoginTC_001, Verify successful login with valid credentials",
              "timedOut": null,
              "duration": 36042,
              "state": "passed",
              "speed": "slow",
              "pass": true,
              "fail": false,
              "pending": false,
              "context": "{\n  \"title\": \"cypress-mochawesome-reporter-videos-passed\",\n  \"value\": \"cypress/e2e/LoginPage/LoginPage19.cy.js\"\n}",
              "code": "cy.get('input[name=\"username\"]').type(\"1019\");\ncy.get('input[name=\"password\"]').type(\"1019us\");\ncy.contains('button', 'Submit').click(); // Click the submit button\ncy.wait('@loginRequest') // Wait for the request to complete\n.its('response.statusCode').should('eq', 200); // Assert response status\ncy.wait(2000);\ncy.contains(/courses/i).should('exist');",
              "err": {},
              "uuid": "9fd99da4-e264-4f0c-8c5c-cad0f2748192",
              "parentUUID": "31dcb846-92fa-48d2-8d2b-99323d839564",
              "isHook": false,
              "skipped": false
            },
            {
              "title": "LoginTC_002, Verify error message for incorrect password",
              "fullTitle": "Login Page 19 LoginTC_002, Verify error message for incorrect password",
              "timedOut": null,
              "duration": 12068,
              "state": "passed",
              "speed": "slow",
              "pass": true,
              "fail": false,
              "pending": false,
              "context": "{\n  \"title\": \"cypress-mochawesome-reporter-videos-passed\",\n  \"value\": \"cypress/e2e/LoginPage/LoginPage19.cy.js\"\n}",
              "code": "cy.get('input[name=\"username\"]').type(\"1019\");\ncy.get('input[name=\"password\"]').type(\"1019ahh\");\ncy.contains('button', 'Submit').click(); // Click the submit button\ncy.wait('@loginRequest') // Wait for the request to complete\n.its('response.statusCode').should('eq', 401); // Assert response status\ncy.contains(/incorrect username or password/i);",
              "err": {},
              "uuid": "1108e8d3-1879-4dc7-a826-7ab55e5b5580",
              "parentUUID": "31dcb846-92fa-48d2-8d2b-99323d839564",
              "isHook": false,
              "skipped": false
            },
            {
              "title": "LoginTC_003, Verify error message for incorrect password",
              "fullTitle": "Login Page 19 LoginTC_003, Verify error message for incorrect password",
              "timedOut": null,
              "duration": 6311,
              "state": "passed",
              "speed": "medium",
              "pass": true,
              "fail": false,
              "pending": false,
              "context": "{\n  \"title\": \"cypress-mochawesome-reporter-videos-passed\",\n  \"value\": \"cypress/e2e/LoginPage/LoginPage19.cy.js\"\n}",
              "code": "cy.get('input[name=\"username\"]').type(\"no user\");\ncy.get('input[name=\"password\"]').type(\"no pass\");\ncy.contains('button', 'Submit').click(); // Click the submit button\ncy.wait('@loginRequest') // Wait for the request to complete\n.its('response.statusCode').should('eq', 401); // Assert response status\ncy.contains(/incorrect username or password/i);",
              "err": {},
              "uuid": "e2bbc8f5-5db9-42db-b92c-acee75f4166e",
              "parentUUID": "31dcb846-92fa-48d2-8d2b-99323d839564",
              "isHook": false,
              "skipped": false
            },
            {
              "title": "LoginTC_004, Verify login with empty username/password fields",
              "fullTitle": "Login Page 19 LoginTC_004, Verify login with empty username/password fields",
              "timedOut": null,
              "duration": 3360,
              "state": "passed",
              "speed": "fast",
              "pass": true,
              "fail": false,
              "pending": false,
              "context": "{\n  \"title\": \"cypress-mochawesome-reporter-videos-passed\",\n  \"value\": \"cypress/e2e/LoginPage/LoginPage19.cy.js\"\n}",
              "code": "cy.get('button').should('be.disabled');",
              "err": {},
              "uuid": "55725f2d-b5b5-46d2-beca-7d4cfb61b218",
              "parentUUID": "31dcb846-92fa-48d2-8d2b-99323d839564",
              "isHook": false,
              "skipped": false
            }
          ],
          "suites": [],
          "passes": [
            "9fd99da4-e264-4f0c-8c5c-cad0f2748192",
            "1108e8d3-1879-4dc7-a826-7ab55e5b5580",
            "e2bbc8f5-5db9-42db-b92c-acee75f4166e",
            "55725f2d-b5b5-46d2-beca-7d4cfb61b218"
          ],
          "failures": [],
          "pending": [],
          "skipped": [],
          "duration": 57781,
          "root": false,
          "rootEmpty": false,
          "_timeout": 2000
        }
      ],
      "passes": [],
      "failures": [],
      "pending": [],
      "skipped": [],
      "duration": 0,
      "root": true,
      "rootEmpty": true,
      "_timeout": 2000
    }
  ],
  "meta": {
    "mocha": {
      "version": "7.2.0"
    },
    "mochawesome": {
      "options": {
        "quiet": false,
        "reportFilename": "mochawesome",
        "saveHtml": false,
        "saveJson": true,
        "consoleReporter": "spec",
        "useInlineDiffs": false,
        "code": true
      },
      "version": "7.1.3"
    },
    "marge": {
      "options": {
        "id": "default",
        "cypressParallel": "true",
        "overwrite": false,
        "html": false,
        "json": true,
        "reportDir": "cypress/reports/html/.jsons"
      },
      "version": "6.2.0"
    }
  }
}