{
  "stats": {
    "suites": 1,
    "tests": 1,
    "passes": 0,
    "pending": 0,
    "failures": 1,
    "start": "2025-04-23T14:07:45.344Z",
    "end": "2025-04-23T14:08:24.754Z",
    "duration": 39410,
    "testsRegistered": 4,
    "passPercent": 0,
    "pendingPercent": 0,
    "other": 0,
    "hasOther": false,
    "skipped": 3,
    "hasSkipped": true
  },
  "results": [
    {
      "uuid": "da145485-08a1-4260-a8ff-63e61d3467a6",
      "title": "",
      "fullFile": "cypress/e2e/LoginPage/LoginPage14.cy.js",
      "file": "cypress/e2e/LoginPage/LoginPage14.cy.js",
      "beforeHooks": [],
      "afterHooks": [],
      "tests": [],
      "suites": [
        {
          "uuid": "9641d8b5-a09d-4d7a-866c-65d663dcaf40",
          "title": "Login Page 14",
          "fullFile": "",
          "file": "",
          "beforeHooks": [],
          "afterHooks": [],
          "tests": [
            {
              "title": "LoginTC_001, Verify successful login with valid credentials",
              "fullTitle": "Login Page 14 LoginTC_001, Verify successful login with valid credentials",
              "timedOut": null,
              "duration": 37567,
              "state": "failed",
              "speed": null,
              "pass": false,
              "fail": true,
              "pending": false,
              "context": "[\n  {\n    \"title\": \"cypress-mochawesome-reporter-videos-failed\",\n    \"value\": \"cypress/e2e/LoginPage/LoginPage14.cy.js\"\n  },\n  {\n    \"title\": \"cypress-mochawesome-reporter-screenshots\",\n    \"value\": [\n      [\n        \"/LoginPage14.cy.js/Login Page 14 -- LoginTC_001, Verify successful login with valid credentials -- before each hook (failed).png\"\n      ]\n    ]\n  }\n]",
              "code": "cy.get('input[name=\"username\"]').type(\"1014\");\ncy.get('input[name=\"password\"]').type(\"1014us\");\ncy.contains('button', 'Submit').click(); // Click the submit button\ncy.wait('@loginRequest') // Wait for the request to complete\n.its('response.statusCode').should('eq', 200); // Assert response status\ncy.wait(2000);\ncy.contains(/courses/i).should('exist');",
              "err": {
                "message": "AssertionError: Timed out retrying after 4000ms: Expected to find content: '/login/i' but never did.\n\nBecause this error occurred during a `before each` hook we are skipping the remaining tests in the current suite: `Login Page 14`",
                "estack": "AssertionError: Timed out retrying after 4000ms: Expected to find content: '/login/i' but never did.\n\nBecause this error occurred during a `before each` hook we are skipping the remaining tests in the current suite: `Login Page 14`\n    at Context.eval (webpack://cypress-project/./cypress/e2e/LoginPage/LoginPage14.cy.js:5:7)",
                "diff": null
              },
              "uuid": "b8008aca-d3fc-462f-aaca-9f105f854ff3",
              "parentUUID": "9641d8b5-a09d-4d7a-866c-65d663dcaf40",
              "isHook": false,
              "skipped": false
            },
            {
              "title": "LoginTC_002, Verify error message for incorrect password",
              "fullTitle": "Login Page 14 LoginTC_002, Verify error message for incorrect password",
              "timedOut": null,
              "duration": 0,
              "state": "skipped",
              "speed": null,
              "pass": false,
              "fail": false,
              "pending": false,
              "context": null,
              "code": "cy.get('input[name=\"username\"]').type(\"1014\");\ncy.get('input[name=\"password\"]').type(\"1014ahh\");\ncy.contains('button', 'Submit').click(); // Click the submit button\ncy.wait('@loginRequest') // Wait for the request to complete\n.its('response.statusCode').should('eq', 401); // Assert response status\ncy.contains(/incorrect username or password/i);",
              "err": {},
              "uuid": "fe77c5e4-e67f-48c3-8776-a6a641ec6593",
              "parentUUID": "9641d8b5-a09d-4d7a-866c-65d663dcaf40",
              "isHook": false,
              "skipped": true
            },
            {
              "title": "LoginTC_003, Verify error message for incorrect password",
              "fullTitle": "Login Page 14 LoginTC_003, Verify error message for incorrect password",
              "timedOut": null,
              "duration": 0,
              "state": "skipped",
              "speed": null,
              "pass": false,
              "fail": false,
              "pending": false,
              "context": null,
              "code": "cy.get('input[name=\"username\"]').type(\"no user\");\ncy.get('input[name=\"password\"]').type(\"no pass\");\ncy.contains('button', 'Submit').click(); // Click the submit button\ncy.wait('@loginRequest') // Wait for the request to complete\n.its('response.statusCode').should('eq', 401); // Assert response status\ncy.contains(/incorrect username or password/i);",
              "err": {},
              "uuid": "9bd07334-49ad-48d8-8a0d-d3d165c54c97",
              "parentUUID": "9641d8b5-a09d-4d7a-866c-65d663dcaf40",
              "isHook": false,
              "skipped": true
            },
            {
              "title": "LoginTC_004, Verify login with empty username/password fields",
              "fullTitle": "Login Page 14 LoginTC_004, Verify login with empty username/password fields",
              "timedOut": null,
              "duration": 0,
              "state": "skipped",
              "speed": null,
              "pass": false,
              "fail": false,
              "pending": false,
              "context": null,
              "code": "cy.get('button').should('be.disabled');",
              "err": {},
              "uuid": "1d1dcab6-f4ce-4c45-b691-1e000441a5c4",
              "parentUUID": "9641d8b5-a09d-4d7a-866c-65d663dcaf40",
              "isHook": false,
              "skipped": true
            }
          ],
          "suites": [],
          "passes": [],
          "failures": [
            "b8008aca-d3fc-462f-aaca-9f105f854ff3"
          ],
          "pending": [],
          "skipped": [
            "fe77c5e4-e67f-48c3-8776-a6a641ec6593",
            "9bd07334-49ad-48d8-8a0d-d3d165c54c97",
            "1d1dcab6-f4ce-4c45-b691-1e000441a5c4"
          ],
          "duration": 37567,
          "root": false,
          "rootEmpty": false,
          "_timeout": 2000
        }
      ],
      "passes": [],
      "failures": [],
      "pending": [],
      "skipped": [],
      "duration": 0,
      "root": true,
      "rootEmpty": true,
      "_timeout": 2000
    }
  ],
  "meta": {
    "mocha": {
      "version": "7.2.0"
    },
    "mochawesome": {
      "options": {
        "quiet": false,
        "reportFilename": "mochawesome",
        "saveHtml": false,
        "saveJson": true,
        "consoleReporter": "spec",
        "useInlineDiffs": false,
        "code": true
      },
      "version": "7.1.3"
    },
    "marge": {
      "options": {
        "id": "default",
        "cypressParallel": "true",
        "overwrite": false,
        "html": false,
        "json": true,
        "reportDir": "cypress/reports/html/.jsons"
      },
      "version": "6.2.0"
    }
  }
}