{
  "stats": {
    "suites": 1,
    "tests": 4,
    "passes": 3,
    "pending": 0,
    "failures": 1,
    "start": "2025-04-23T14:07:47.168Z",
    "end": "2025-04-23T14:09:09.369Z",
    "duration": 82201,
    "testsRegistered": 4,
    "passPercent": 75,
    "pendingPercent": 0,
    "other": 0,
    "hasOther": false,
    "skipped": 0,
    "hasSkipped": false
  },
  "results": [
    {
      "uuid": "4edf086d-ff04-47bc-98bc-6da5cda9f6a8",
      "title": "",
      "fullFile": "cypress/e2e/LoginPage/LoginPage13.cy.js",
      "file": "cypress/e2e/LoginPage/LoginPage13.cy.js",
      "beforeHooks": [],
      "afterHooks": [],
      "tests": [],
      "suites": [
        {
          "uuid": "3485aa9c-93ed-42ac-9d2c-554e8fb953df",
          "title": "Login Page 13",
          "fullFile": "",
          "file": "",
          "beforeHooks": [],
          "afterHooks": [],
          "tests": [
            {
              "title": "LoginTC_001, Verify successful login with valid credentials",
              "fullTitle": "Login Page 13 LoginTC_001, Verify successful login with valid credentials",
              "timedOut": null,
              "duration": 46467,
              "state": "failed",
              "speed": null,
              "pass": false,
              "fail": true,
              "pending": false,
              "context": "[\n  {\n    \"title\": \"cypress-mochawesome-reporter-videos-failed\",\n    \"value\": \"cypress/e2e/LoginPage/LoginPage13.cy.js\"\n  },\n  {\n    \"title\": \"cypress-mochawesome-reporter-screenshots\",\n    \"value\": [\n      [\n        \"/LoginPage13.cy.js/Login Page 13 -- LoginTC_001, Verify successful login with valid credentials (failed).png\"\n      ]\n    ]\n  }\n]",
              "code": "cy.get('input[name=\"username\"]').type(\"1013\");\ncy.get('input[name=\"password\"]').type(\"1013us\");\ncy.contains('button', 'Submit').click(); // Click the submit button\ncy.wait('@loginRequest') // Wait for the request to complete\n.its('response.statusCode').should('eq', 200); // Assert response status\ncy.wait(2000);\ncy.contains(/courses/i).should('exist');",
              "err": {
                "message": "AssertionError: Timed out retrying after 4000ms: Expected to find content: '/courses/i' but never did.",
                "estack": "AssertionError: Timed out retrying after 4000ms: Expected to find content: '/courses/i' but never did.\n    at Context.eval (webpack://cypress-project/./cypress/e2e/LoginPage/LoginPage13.cy.js:21:28)",
                "diff": null
              },
              "uuid": "8f994bae-8990-4163-8f56-67a165b5fc56",
              "parentUUID": "3485aa9c-93ed-42ac-9d2c-554e8fb953df",
              "isHook": false,
              "skipped": false
            },
            {
              "title": "LoginTC_002, Verify error message for incorrect password",
              "fullTitle": "Login Page 13 LoginTC_002, Verify error message for incorrect password",
              "timedOut": null,
              "duration": 16271,
              "state": "passed",
              "speed": "slow",
              "pass": true,
              "fail": false,
              "pending": false,
              "context": "{\n  \"title\": \"cypress-mochawesome-reporter-videos-passed\",\n  \"value\": \"cypress/e2e/LoginPage/LoginPage13.cy.js\"\n}",
              "code": "cy.get('input[name=\"username\"]').type(\"1013\");\ncy.get('input[name=\"password\"]').type(\"1013ahh\");\ncy.contains('button', 'Submit').click(); // Click the submit button\ncy.wait('@loginRequest') // Wait for the request to complete\n.its('response.statusCode').should('eq', 401); // Assert response status\ncy.contains(/incorrect username or password/i);",
              "err": {},
              "uuid": "921630b6-b437-4459-bb0f-d77dbfa1c695",
              "parentUUID": "3485aa9c-93ed-42ac-9d2c-554e8fb953df",
              "isHook": false,
              "skipped": false
            },
            {
              "title": "LoginTC_003, Verify error message for incorrect password",
              "fullTitle": "Login Page 13 LoginTC_003, Verify error message for incorrect password",
              "timedOut": null,
              "duration": 11418,
              "state": "passed",
              "speed": "slow",
              "pass": true,
              "fail": false,
              "pending": false,
              "context": "{\n  \"title\": \"cypress-mochawesome-reporter-videos-passed\",\n  \"value\": \"cypress/e2e/LoginPage/LoginPage13.cy.js\"\n}",
              "code": "cy.get('input[name=\"username\"]').type(\"no user\");\ncy.get('input[name=\"password\"]').type(\"no pass\");\ncy.contains('button', 'Submit').click(); // Click the submit button\ncy.wait('@loginRequest') // Wait for the request to complete\n.its('response.statusCode').should('eq', 401); // Assert response status\ncy.contains(/incorrect username or password/i);",
              "err": {},
              "uuid": "46c1029e-23d6-4c48-bf6a-675e464aa40c",
              "parentUUID": "3485aa9c-93ed-42ac-9d2c-554e8fb953df",
              "isHook": false,
              "skipped": false
            },
            {
              "title": "LoginTC_004, Verify login with empty username/password fields",
              "fullTitle": "Login Page 13 LoginTC_004, Verify login with empty username/password fields",
              "timedOut": null,
              "duration": 3928,
              "state": "passed",
              "speed": "fast",
              "pass": true,
              "fail": false,
              "pending": false,
              "context": "{\n  \"title\": \"cypress-mochawesome-reporter-videos-passed\",\n  \"value\": \"cypress/e2e/LoginPage/LoginPage13.cy.js\"\n}",
              "code": "cy.get('button').should('be.disabled');",
              "err": {},
              "uuid": "83985fb9-56c7-451a-bb90-99f026248e0b",
              "parentUUID": "3485aa9c-93ed-42ac-9d2c-554e8fb953df",
              "isHook": false,
              "skipped": false
            }
          ],
          "suites": [],
          "passes": [
            "921630b6-b437-4459-bb0f-d77dbfa1c695",
            "46c1029e-23d6-4c48-bf6a-675e464aa40c",
            "83985fb9-56c7-451a-bb90-99f026248e0b"
          ],
          "failures": [
            "8f994bae-8990-4163-8f56-67a165b5fc56"
          ],
          "pending": [],
          "skipped": [],
          "duration": 78084,
          "root": false,
          "rootEmpty": false,
          "_timeout": 2000
        }
      ],
      "passes": [],
      "failures": [],
      "pending": [],
      "skipped": [],
      "duration": 0,
      "root": true,
      "rootEmpty": true,
      "_timeout": 2000
    }
  ],
  "meta": {
    "mocha": {
      "version": "7.2.0"
    },
    "mochawesome": {
      "options": {
        "quiet": false,
        "reportFilename": "mochawesome",
        "saveHtml": false,
        "saveJson": true,
        "consoleReporter": "spec",
        "useInlineDiffs": false,
        "code": true
      },
      "version": "7.1.3"
    },
    "marge": {
      "options": {
        "id": "default",
        "cypressParallel": "true",
        "overwrite": false,
        "html": false,
        "json": true,
        "reportDir": "cypress/reports/html/.jsons"
      },
      "version": "6.2.0"
    }
  }
}