{
  "stats": {
    "suites": 1,
    "tests": 8,
    "passes": 5,
    "pending": 0,
    "failures": 3,
    "start": "2025-04-22T14:44:04.042Z",
    "end": "2025-04-22T14:46:32.473Z",
    "duration": 148431,
    "testsRegistered": 8,
    "passPercent": 62.5,
    "pendingPercent": 0,
    "other": 0,
    "hasOther": false,
    "skipped": 0,
    "hasSkipped": false
  },
  "results": [
    {
      "uuid": "e4051f3e-1ec9-473a-8698-730d061cd62e",
      "title": "",
      "fullFile": "cypress/e2e/LoginPage13.cy.js",
      "file": "cypress/e2e/LoginPage13.cy.js",
      "beforeHooks": [],
      "afterHooks": [],
      "tests": [],
      "suites": [
        {
          "uuid": "e0d6fa69-c1d4-4e13-978a-2e224ec286c2",
          "title": "Login Page 13",
          "fullFile": "",
          "file": "",
          "beforeHooks": [],
          "afterHooks": [],
          "tests": [
            {
              "title": "LoginTC_001, Verify successful login with valid credentials",
              "fullTitle": "Login Page 13 LoginTC_001, Verify successful login with valid credentials",
              "timedOut": null,
              "duration": 28366,
              "state": "passed",
              "speed": "slow",
              "pass": true,
              "fail": false,
              "pending": false,
              "context": null,
              "code": "cy.get('input[name=\"username\"]').type(\"1013\");\ncy.get('input[name=\"password\"]').type(\"1013us\");\ncy.contains('button', 'Submit').click(); // Click the submit button\ncy.wait('@loginRequest') // Wait for the request to complete\n.its('response.statusCode').should('eq', 200); // Assert response status\ncy.contains(/courses/i).should('exist');",
              "err": {},
              "uuid": "4b5b0d00-91a2-471d-a18b-3221eba79e9b",
              "parentUUID": "e0d6fa69-c1d4-4e13-978a-2e224ec286c2",
              "isHook": false,
              "skipped": false
            },
            {
              "title": "LoginTC_002, Verify error message for incorrect password",
              "fullTitle": "Login Page 13 LoginTC_002, Verify error message for incorrect password",
              "timedOut": null,
              "duration": 7469,
              "state": "passed",
              "speed": "medium",
              "pass": true,
              "fail": false,
              "pending": false,
              "context": null,
              "code": "cy.get('input[name=\"username\"]').type(\"1013\");\ncy.get('input[name=\"password\"]').type(\"1013ahh\");\ncy.contains('button', 'Submit').click(); // Click the submit button\ncy.wait('@loginRequest') // Wait for the request to complete\n.its('response.statusCode').should('eq', 401); // Assert response status\ncy.contains(/incorrect username or password/i);",
              "err": {},
              "uuid": "1c47b5ea-ed1d-4bdf-95d3-2b03f80e92c8",
              "parentUUID": "e0d6fa69-c1d4-4e13-978a-2e224ec286c2",
              "isHook": false,
              "skipped": false
            },
            {
              "title": "LoginTC_003, Verify error message for incorrect password",
              "fullTitle": "Login Page 13 LoginTC_003, Verify error message for incorrect password",
              "timedOut": null,
              "duration": 6977,
              "state": "passed",
              "speed": "medium",
              "pass": true,
              "fail": false,
              "pending": false,
              "context": null,
              "code": "cy.get('input[name=\"username\"]').type(\"no user\");\ncy.get('input[name=\"password\"]').type(\"no pass\");\ncy.contains('button', 'Submit').click(); // Click the submit button\ncy.wait('@loginRequest') // Wait for the request to complete\n.its('response.statusCode').should('eq', 401); // Assert response status\ncy.contains(/incorrect username or password/i);",
              "err": {},
              "uuid": "ad45451e-de6f-4fde-b8b2-5d3194a3c3cb",
              "parentUUID": "e0d6fa69-c1d4-4e13-978a-2e224ec286c2",
              "isHook": false,
              "skipped": false
            },
            {
              "title": "LoginTC_004, Verify login with empty username/password fields",
              "fullTitle": "Login Page 13 LoginTC_004, Verify login with empty username/password fields",
              "timedOut": null,
              "duration": 6368,
              "state": "passed",
              "speed": "medium",
              "pass": true,
              "fail": false,
              "pending": false,
              "context": null,
              "code": "cy.get('button').should('be.disabled');",
              "err": {},
              "uuid": "2e73f8d3-454f-4c1d-ba9c-0303ee90be49",
              "parentUUID": "e0d6fa69-c1d4-4e13-978a-2e224ec286c2",
              "isHook": false,
              "skipped": false
            },
            {
              "title": "CoursesTC_004, Verify Resource button for each course, chapter and for each document is working",
              "fullTitle": "Login Page 13 CoursesTC_004, Verify Resource button for each course, chapter and for each document is working",
              "timedOut": null,
              "duration": 19786,
              "state": "failed",
              "speed": null,
              "pass": false,
              "fail": true,
              "pending": false,
              "context": "{\n  \"title\": \"cypress-mochawesome-reporter-screenshots\",\n  \"value\": [\n    [\n      \"/LoginPage13.cy.js/Login Page 13 -- CoursesTC_004, Verify Resource button for each course, chapter and for each document is working (failed).png\"\n    ]\n  ]\n}",
              "code": "cy.get('input[name=\"username\"]').type(\"100064692\");\ncy.get('input[name=\"password\"]').type(\"100064692ab\");\ncy.contains('button', 'Submit').click(); // Click the submit button\ncy.wait('@loginRequest') // Wait for the request to complete\n.its('response.statusCode').should('eq', 200); // Assert response status\ncy.contains(/courses/i).should('exist');\ncy.get('a[href=\"/student/courses/2\"]').click();\ncy.get('h4').contains(\"Operating Systems\").should('exist');\ncy.get('.css-69i1ev button').click();\ncy.get(\".css-1l5fc5h li\").last().should('contain.text', 'Give me the summary of this resource');\ncy.get(\".css-105tbcy li:first-child .css-uwug0d\").click();\ncy.get(\".css-1l5fc5h li\").last().should('contain.text', 'Give me the summary of this resource');\ncy.get(\"#panel1-header\").click();\ncy.get(\".css-1cbf1l2 button\").click();\ncy.get(\".css-1l5fc5h li\").last().should('contain.text', 'Give me the summary of this resource');",
              "err": {
                "message": "AssertionError: Timed out retrying after 4000ms: Expected to find element: `a[href=\"/student/courses/2\"]`, but never found it.",
                "estack": "AssertionError: Timed out retrying after 4000ms: Expected to find element: `a[href=\"/student/courses/2\"]`, but never found it.\n    at Context.eval (webpack://cypress-project/./cypress/e2e/LoginPage13.cy.js:61:7)",
                "diff": null
              },
              "uuid": "4827902b-de6a-4fb7-a3a2-dc0176d66232",
              "parentUUID": "e0d6fa69-c1d4-4e13-978a-2e224ec286c2",
              "isHook": false,
              "skipped": false
            },
            {
              "title": "CoursesTC_005, Verify Stard Session and End Session are working",
              "fullTitle": "Login Page 13 CoursesTC_005, Verify Stard Session and End Session are working",
              "timedOut": null,
              "duration": 35996,
              "state": "passed",
              "speed": "slow",
              "pass": true,
              "fail": false,
              "pending": false,
              "context": null,
              "code": "cy.get('input[name=\"username\"]').type(\"1013\");\ncy.get('input[name=\"password\"]').type(\"1013us\");\ncy.contains('button', 'Submit').click(); // Click the submit button\ncy.wait('@loginRequest') // Wait for the request to complete\n.its('response.statusCode').should('eq', 200); // Assert response status\ncy.contains(/courses/i).should('exist');\ncy.get('a[href=\"/student/courses/2\"]').click();\ncy.get('h4').contains(\"Operating Systems\").should('exist');\ncy.get(\".css-qsg04 .css-yd8sa2 div[aria-label^='Start Session']\").should('exist');\ncy.get(\".css-qsg04 .css-yd8sa2 div[aria-label^='Interrupt']\").should('have.attr', 'aria-disabled', 'true');\ncy.get(\".css-qsg04 .css-yd8sa2 button[aria-label^='Hold to Start Recording']\").should('be.disabled');\ncy.get(\".css-qsg04 .css-yd8sa2 div[aria-label^='Start Session']\").click();\ncy.wait('@streamingStart', {\n  timeout: 40000\n}).then(interception => {\n  if (interception.response.statusCode === 200) {\n    // If the request is successful, check if \"End session\" exists\n    cy.get('div[aria-label^=\"End Session\"]', {\n      timeout: 25000\n    }).should('exist');\n    cy.get(\".css-qsg04 .css-yd8sa2 div[aria-label^='Interrupt']\").should('not.be.disabled');\n    cy.get(\".css-qsg04 .css-yd8sa2 button[aria-label^='Hold to Start Recording']\").should('not.be.disabled');\n    //  cy.get('div').contains('Starting Avatar Took too long, please try again!').should('not.exist')\n  } else {\n    // If the request fails, check that \"End session\" does NOT exist\n    cy.get('div[aria-label^=\"End Session\"]', {\n      timeout: 25000\n    }).should('not.exist');\n    //  cy.get('div').contains('Starting Avatar Took too long, please try again!').should('exist')\n  }\n});\ncy.get('.css-qsg04 .css-yd8sa2 div[aria-label^=\"End Session\"]').click();\ncy.get(\".css-qsg04 .css-yd8sa2 div[aria-label^='Start Session']\").should('exist');\ncy.get(\".css-qsg04 .css-yd8sa2 div[aria-label^='Interrupt']\").should('have.attr', 'aria-disabled', 'true');\ncy.get(\".css-qsg04 .css-yd8sa2 button[aria-label^='Hold to Start Recording']\").should('be.disabled');",
              "err": {},
              "uuid": "a40ae8bd-ce6f-4975-bfaf-c95fc3cf5c80",
              "parentUUID": "e0d6fa69-c1d4-4e13-978a-2e224ec286c2",
              "isHook": false,
              "skipped": false
            },
            {
              "title": "CoursesTC_006, Verify Record from the input is working",
              "fullTitle": "Login Page 13 CoursesTC_006, Verify Record from the input is working",
              "timedOut": null,
              "duration": 20705,
              "state": "failed",
              "speed": null,
              "pass": false,
              "fail": true,
              "pending": false,
              "context": "{\n  \"title\": \"cypress-mochawesome-reporter-screenshots\",\n  \"value\": [\n    [\n      \"/LoginPage13.cy.js/Login Page 13 -- CoursesTC_006, Verify Record from the input is working (failed).png\"\n    ]\n  ]\n}",
              "code": "cy.get('input[name=\"username\"]').type(\"1013\");\ncy.get('input[name=\"password\"]').type(\"1013us\");\ncy.contains('button', 'Submit').click(); // Click the submit button\ncy.wait('@loginRequest') // Wait for the request to complete\n.its('response.statusCode').should('eq', 200); // Assert response status\ncy.contains(/courses/i).should('exist');\ncy.get('a[href=\"/student/courses/2\"]').click();\ncy.get('h4').contains(\"Operating Systems\").should('exist');\ncy.get('.css-y42r8g').trigger('mousedown');\ncy.get('.css-y42r8g').should('have.class', 'active');\ncy.get('.css-y42r8g').trigger('mouseup');\ncy.get('.css-y42r8g').should('not.have.class', 'active');",
              "err": {
                "message": "AssertionError: Timed out retrying after 4000ms: Expected to find content: 'Operating Systems' within the element: <h4.MuiTypography-root.MuiTypography-h4.css-16tclst> but never did.",
                "estack": "AssertionError: Timed out retrying after 4000ms: Expected to find content: 'Operating Systems' within the element: <h4.MuiTypography-root.MuiTypography-h4.css-16tclst> but never did.\n    at Context.eval (webpack://cypress-project/./cypress/e2e/LoginPage13.cy.js:131:47)",
                "diff": null
              },
              "uuid": "85318036-65a7-4cc0-a8a3-e50294cc3600",
              "parentUUID": "e0d6fa69-c1d4-4e13-978a-2e224ec286c2",
              "isHook": false,
              "skipped": false
            },
            {
              "title": "CoursesTC_007, Verify Record from Avatar is working",
              "fullTitle": "Login Page 13 CoursesTC_007, Verify Record from Avatar is working",
              "timedOut": null,
              "duration": 15689,
              "state": "failed",
              "speed": null,
              "pass": false,
              "fail": true,
              "pending": false,
              "context": "{\n  \"title\": \"cypress-mochawesome-reporter-screenshots\",\n  \"value\": [\n    [\n      \"/LoginPage13.cy.js/Login Page 13 -- CoursesTC_007, Verify Record from Avatar is working (failed).png\"\n    ]\n  ]\n}",
              "code": "cy.get('input[name=\"username\"]').type(\"1013\");\ncy.get('input[name=\"password\"]').type(\"1013us\");\ncy.contains('button', 'Submit').click(); // Click the submit button\ncy.wait('@loginRequest') // Wait for the request to complete\n.its('response.statusCode').should('eq', 200); // Assert response status\ncy.contains(/courses/i).should('exist');\ncy.get('a[href=\"/student/courses/2\"]').click();\ncy.get('h4').contains(\"Operating Systems\").should('exist');\ncy.get(\".css-qsg04 .css-yd8sa2 div[aria-label^='Start Session']\").should('exist');\ncy.get(\".css-qsg04 .css-yd8sa2 div[aria-label^='Interrupt']\").should('have.attr', 'aria-disabled', 'true');\ncy.get(\".css-qsg04 .css-yd8sa2 button[aria-label^='Hold to Start Recording']\").should('be.disabled');\ncy.get(\".css-qsg04 .css-yd8sa2 div[aria-label^='Start Session']\").click();\ncy.wait('@streamingStart', {\n  timeout: 40000\n}).then(interception => {\n  if (interception.response.statusCode === 200) {\n    // If the request is successful, check if \"End session\" exists\n    cy.get('div[aria-label^=\"End Session\"]', {\n      timeout: 25000\n    }).should('exist');\n    cy.get(\".css-qsg04 .css-yd8sa2 div[aria-label^='Interrupt']\").should('not.be.disabled');\n    cy.get(\".css-qsg04 .css-yd8sa2 button[aria-label^='Hold to Start Recording']\").should('not.be.disabled');\n    //  cy.get('div').contains('Starting Avatar Took too long, please try again!').should('not.exist')\n  } else {\n    // If the request fails, check that \"End session\" does NOT exist\n    cy.get('div[aria-label^=\"End Session\"]', {\n      timeout: 25000\n    }).should('not.exist');\n    //  cy.get('div').contains('Starting Avatar Took too long, please try again!').should('exist')\n  }\n});\ncy.get(\".css-qsg04 .css-yd8sa2 > button\").first().trigger('mousedown');\ncy.get(\".css-qsg04 .css-yd8sa2 > button\").first().should('not.be.disabled');\ncy.get(\".css-qsg04 .css-yd8sa2 button[aria-label^='Release to Stop Recording']\").should('exist');\ncy.get('.css-plk6wi video').should('have.css', 'outline', 'rgb(255, 193, 7) solid 5px');\ncy.get(\".css-qsg04 .css-yd8sa2 > button\").first().trigger('mouseup');\ncy.get(\".css-qsg04 .css-yd8sa2 > button\").first().should('not.have.attr', 'active');\ncy.get('.css-plk6wi video').should('not.have.css', 'outline', 'rgb(255, 193, 7) solid 5px');\ncy.get('.css-qsg04 .css-yd8sa2 div[aria-label^=\"End Session\"]').click();",
              "err": {
                "message": "AssertionError: Timed out retrying after 4000ms: Expected to find content: 'Operating Systems' within the element: <h4.MuiTypography-root.MuiTypography-h4.css-16tclst> but never did.",
                "estack": "AssertionError: Timed out retrying after 4000ms: Expected to find content: 'Operating Systems' within the element: <h4.MuiTypography-root.MuiTypography-h4.css-16tclst> but never did.\n    at Context.eval (webpack://cypress-project/./cypress/e2e/LoginPage13.cy.js:152:47)",
                "diff": null
              },
              "uuid": "b03ce072-8fcc-4ebb-936b-445752746ccf",
              "parentUUID": "e0d6fa69-c1d4-4e13-978a-2e224ec286c2",
              "isHook": false,
              "skipped": false
            }
          ],
          "suites": [],
          "passes": [
            "4b5b0d00-91a2-471d-a18b-3221eba79e9b",
            "1c47b5ea-ed1d-4bdf-95d3-2b03f80e92c8",
            "ad45451e-de6f-4fde-b8b2-5d3194a3c3cb",
            "2e73f8d3-454f-4c1d-ba9c-0303ee90be49",
            "a40ae8bd-ce6f-4975-bfaf-c95fc3cf5c80"
          ],
          "failures": [
            "4827902b-de6a-4fb7-a3a2-dc0176d66232",
            "85318036-65a7-4cc0-a8a3-e50294cc3600",
            "b03ce072-8fcc-4ebb-936b-445752746ccf"
          ],
          "pending": [],
          "skipped": [],
          "duration": 141356,
          "root": false,
          "rootEmpty": false,
          "_timeout": 2000
        }
      ],
      "passes": [],
      "failures": [],
      "pending": [],
      "skipped": [],
      "duration": 0,
      "root": true,
      "rootEmpty": true,
      "_timeout": 2000
    }
  ],
  "meta": {
    "mocha": {
      "version": "7.0.1"
    },
    "mochawesome": {
      "options": {
        "quiet": false,
        "reportFilename": "mochawesome",
        "saveHtml": false,
        "saveJson": true,
        "consoleReporter": "spec",
        "useInlineDiffs": false,
        "code": true
      },
      "version": "7.1.3"
    },
    "marge": {
      "options": {
        "id": "default",
        "cypressParallel": "true",
        "overwrite": false,
        "html": false,
        "json": true,
        "reportDir": "cypress/reports/html/.jsons"
      },
      "version": "6.2.0"
    }
  }
}